ERROR tests/wallet/test_sync.py::TestWalletSetActive::test_set_active_to_backup_and_back_with_backup_first
ERROR tests/wallet/test_sync.py::TestWalletSetActive::test_set_active_to_backup_and_back_without_backup_first
ERROR tests/wallet/test_sync.py::TestWalletSyncToWriter::test_sync_initial_then_no_changes_then_one_change
FAILED tests/certificates/test_certificate_life_cycle.py::TestCertificateLifeCycle::test_complete_flow_mastercertificate_and_verifiablecertificate
FAILED tests/chaintracks/test_chaintracks.py::TestChaintracks::test_nodb_mainnet
FAILED tests/chaintracks/test_chaintracks.py::TestChaintracks::test_nodb_testnet
FAILED tests/chaintracks/test_client_api.py::TestChaintracksClientApi::test_addheader
FAILED tests/chaintracks/test_client_api.py::TestChaintracksClientApi::test_findchaintiphash
FAILED tests/chaintracks/test_client_api.py::TestChaintracksClientApi::test_findchaintipheader
FAILED tests/chaintracks/test_client_api.py::TestChaintracksClientApi::test_findheaderforheight
FAILED tests/chaintracks/test_client_api.py::TestChaintracksClientApi::test_getchain
FAILED tests/chaintracks/test_client_api.py::TestChaintracksClientApi::test_getheaders
FAILED tests/chaintracks/test_client_api.py::TestChaintracksClientApi::test_getinfo
FAILED tests/chaintracks/test_client_api.py::TestChaintracksClientApi::test_getpresentheight
FAILED tests/chaintracks/test_client_api.py::TestChaintracksClientApi::test_subscribeheaders
FAILED tests/chaintracks/test_client_api.py::TestChaintracksClientApi::test_subscribereorgs
FAILED tests/chaintracks/test_fetch.py::TestChaintracksFetch::test_download
FAILED tests/chaintracks/test_fetch.py::TestChaintracksFetch::test_download_716
FAILED tests/chaintracks/test_fetch.py::TestChaintracksFetch::test_download_717
FAILED tests/chaintracks/test_fetch.py::TestChaintracksFetch::test_fetchjson
FAILED tests/chaintracks/test_service_client.py::TestChaintracksServiceClient::test_mainnet_findheaderforheight
FAILED tests/chaintracks/test_service_client.py::TestChaintracksServiceClient::test_testnet_findheaderforheight
FAILED tests/integration/test_bulk_file_data_manager.py::TestBulkFileDataManager::test_default_options_cdn_files
FAILED tests/integration/test_bulk_file_data_manager.py::TestBulkFileDataManager::test_default_options_cdn_files_nodropall
FAILED tests/integration/test_cwi_style_wallet_manager.py::TestCWIStyleWalletManagerAdditionalTests::test_password_retriever_callback_the_test_function_is_passed_and_returns_a_boolean
FAILED tests/integration/test_cwi_style_wallet_manager.py::TestCWIStyleWalletManagerAdditionalTests::test_privileged_key_expiry_each_call_to_decrypt_via_the_privileged_manager_invokes_passwordretriever
FAILED tests/integration/test_cwi_style_wallet_manager.py::TestCWIStyleWalletManagerAdditionalTests::test_serializeumptoken_and_deserializeumptoken_correctly_round_trip_a_ump_token
FAILED tests/integration/test_cwi_style_wallet_manager.py::TestCWIStyleWalletManagerChangePassword::test_requires_authentication_and_updates_the_ump_token_on_chain
FAILED tests/integration/test_cwi_style_wallet_manager.py::TestCWIStyleWalletManagerChangePassword::test_throws_if_not_authenticated
FAILED tests/integration/test_cwi_style_wallet_manager.py::TestCWIStyleWalletManagerChangePresentationKey::test_requires_authentication_re_publishes_the_token_old_token_consumed
FAILED tests/integration/test_cwi_style_wallet_manager.py::TestCWIStyleWalletManagerChangeRecoveryKey::test_prompts_to_save_the_new_key_updates_the_token
FAILED tests/integration/test_cwi_style_wallet_manager.py::TestCWIStyleWalletManagerChangeRecoveryKey::test_throws_if_not_authenticated_527
FAILED tests/integration/test_cwi_style_wallet_manager.py::TestCWIStyleWalletManagerDestroy::test_destroy_callback_clears_sensitive_data
FAILED tests/integration/test_cwi_style_wallet_manager.py::TestCWIStyleWalletManagerExistingUser::test_decryption_of_primary_key_and_building_the_wallet
FAILED tests/integration/test_cwi_style_wallet_manager.py::TestCWIStyleWalletManagerExistingUser::test_successfully_decrypts_with_presentation_plus_recovery
FAILED tests/integration/test_cwi_style_wallet_manager.py::TestCWIStyleWalletManagerExistingUser::test_throws_if_no_token_found_by_recovery_key_hash
FAILED tests/integration/test_cwi_style_wallet_manager.py::TestCWIStyleWalletManagerExistingUser::test_throws_if_presentation_key_not_provided_first
FAILED tests/integration/test_cwi_style_wallet_manager.py::TestCWIStyleWalletManagerExistingUser::test_works_with_correct_keys_sets_mode_as_existing_user
FAILED tests/integration/test_cwi_style_wallet_manager.py::TestCWIStyleWalletManagerNewUser::test_successfully_creates_a_new_token_and_calls_buildandsend
FAILED tests/integration/test_cwi_style_wallet_manager.py::TestCWIStyleWalletManagerNewUser::test_throws_if_user_tries_to_provide_recovery_key_during_new_user_flow
FAILED tests/integration/test_cwi_style_wallet_manager.py::TestCWIStyleWalletManagerProxyMethods::test_all_proxied_methods_call_underlying_with_correct_arguments
FAILED tests/integration/test_cwi_style_wallet_manager.py::TestCWIStyleWalletManagerProxyMethods::test_isauthenticated_rejects_if_originator_is_admin_resolves_otherwise
FAILED tests/integration/test_cwi_style_wallet_manager.py::TestCWIStyleWalletManagerProxyMethods::test_passes_if_user_is_authenticated_and_originator_is_not_admin
FAILED tests/integration/test_cwi_style_wallet_manager.py::TestCWIStyleWalletManagerProxyMethods::test_throws_if_originator_is_adminoriginator
FAILED tests/integration/test_cwi_style_wallet_manager.py::TestCWIStyleWalletManagerProxyMethods::test_throws_if_user_is_not_authenticated
FAILED tests/integration/test_cwi_style_wallet_manager.py::TestCWIStyleWalletManagerProxyMethods::test_waitforauthentication_eventually_resolves
FAILED tests/integration/test_cwi_style_wallet_manager.py::TestCWIStyleWalletManagerSnapshot::test_saves_a_snapshot_and_can_load_it_into_a_fresh_manager_instance
FAILED tests/integration/test_cwi_style_wallet_manager.py::TestCWIStyleWalletManagerSnapshot::test_throws_error_if_saving_snapshot_while_no_primary_key_or_token_set
FAILED tests/integration/test_cwi_style_wallet_manager.py::TestCWIStyleWalletManagerSnapshot::test_throws_if_snapshot_is_corrupt_or_cannot_be_decrypted
FAILED tests/integration/test_local_kv_store.py::TestLocalKVStore::test_get_non_existent
FAILED tests/integration/test_local_kv_store.py::TestLocalKVStore::test_set_get
FAILED tests/integration/test_local_kv_store.py::TestLocalKVStore::test_set_x_4_get
FAILED tests/integration/test_local_kv_store.py::TestLocalKVStore::test_set_x_4_get_set_x_4_get
FAILED tests/integration/test_single_writer_multi_reader_lock.py::TestSingleWriterMultiReaderLock::test_concurrent_reads_and_writes_execute_in_correct_order
FAILED tests/monitor/test_live_ingestor_whats_on_chain_poll.py::TestLiveIngestorWhatsOnChainPoll::test_listen_for_first_new_header
FAILED tests/monitor/test_monitor.py::TestMonitor::test_processbroadcastedtransactions
FAILED tests/monitor/test_monitor.py::TestMonitor::test_processproventransaction
FAILED tests/monitor/test_monitor.py::TestMonitor::test_taskcheckforproofs_fail
FAILED tests/monitor/test_monitor.py::TestMonitor::test_taskcheckforproofs_success
FAILED tests/monitor/test_monitor.py::TestMonitor::test_taskclock - NameError...
FAILED tests/monitor/test_monitor.py::TestMonitor::test_tasknewheader - NameE...
FAILED tests/monitor/test_monitor.py::TestMonitor::test_taskreviewstatus - Na...
FAILED tests/monitor/test_monitor.py::TestMonitor::test_tasksendwaiting_success
FAILED tests/permissions/test_wallet_permissions_manager_callbacks.py::TestWalletPermissionsManagerCallbacks::test_a_failing_callback_throwing_an_error_does_not_block_subsequent_callbacks
FAILED tests/permissions/test_wallet_permissions_manager_callbacks.py::TestWalletPermissionsManagerCallbacks::test_bindcallback_should_register_multiple_callbacks_for_the_same_event_which_are_called_in_sequence
FAILED tests/permissions/test_wallet_permissions_manager_callbacks.py::TestWalletPermissionsManagerCallbacks::test_multiple_pending_requests_for_different_resources_should_trigger_separate_onxxxrequested_callbacks
FAILED tests/permissions/test_wallet_permissions_manager_callbacks.py::TestWalletPermissionsManagerCallbacks::test_multiple_pending_requests_for_the_same_resource_should_trigger_only_one_onxxxrequested_callback
FAILED tests/permissions/test_wallet_permissions_manager_callbacks.py::TestWalletPermissionsManagerCallbacks::test_should_reject_the_original_caller_promise_when_permission_is_denied
FAILED tests/permissions/test_wallet_permissions_manager_callbacks.py::TestWalletPermissionsManagerCallbacks::test_should_resolve_the_original_caller_promise_when_requests_are_granted
FAILED tests/permissions/test_wallet_permissions_manager_callbacks.py::TestWalletPermissionsManagerCallbacks::test_should_trigger_onprotocolpermissionrequested_with_correct_params_when_a_non_admin_domain_requests_a_protocol_operation
FAILED tests/permissions/test_wallet_permissions_manager_callbacks.py::TestWalletPermissionsManagerCallbacks::test_unbindcallback_by_function_reference_should_remove_the_callback
FAILED tests/permissions/test_wallet_permissions_manager_callbacks.py::TestWalletPermissionsManagerCallbacks::test_unbindcallback_by_numeric_id_should_prevent_the_callback_from_being_called_again
FAILED tests/permissions/test_wallet_permissions_manager_checks.py::TestWalletPermissionsManagerChecks::test_should_also_prompt_for_listing_actions_by_label_if_seekpermissionwhenlistingactionsbylabel_true
FAILED tests/permissions/test_wallet_permissions_manager_checks.py::TestWalletPermissionsManagerChecks::test_should_check_monthly_limit_usage_and_prompt_renewal_if_insufficient
FAILED tests/permissions/test_wallet_permissions_manager_checks.py::TestWalletPermissionsManagerChecks::test_should_check_that_requested_fields_are_a_subset_of_the_tokens_fields
FAILED tests/permissions/test_wallet_permissions_manager_checks.py::TestWalletPermissionsManagerChecks::test_should_deny_protocol_usage_if_user_denies_permission
FAILED tests/permissions/test_wallet_permissions_manager_checks.py::TestWalletPermissionsManagerChecks::test_should_enforce_privileged_token_if_differentiateprivilegedoperations_true
FAILED tests/permissions/test_wallet_permissions_manager_checks.py::TestWalletPermissionsManagerChecks::test_should_fail_if_label_starts_with_admin
FAILED tests/permissions/test_wallet_permissions_manager_checks.py::TestWalletPermissionsManagerChecks::test_should_fail_if_protocol_name_is_admin_reserved_and_caller_is_not_admin
FAILED tests/permissions/test_wallet_permissions_manager_checks.py::TestWalletPermissionsManagerChecks::test_should_fail_immediately_if_using_an_admin_only_basket_as_non_admin
FAILED tests/permissions/test_wallet_permissions_manager_checks.py::TestWalletPermissionsManagerChecks::test_should_fail_immediately_if_using_the_reserved_basket_default_as_non_admin
FAILED tests/permissions/test_wallet_permissions_manager_checks.py::TestWalletPermissionsManagerChecks::test_should_ignore_privileged_true_if_differentiateprivilegedoperations_false
FAILED tests/permissions/test_wallet_permissions_manager_checks.py::TestWalletPermissionsManagerChecks::test_should_pass_if_usage_plus_new_spend_is_within_the_monthly_limit
FAILED tests/permissions/test_wallet_permissions_manager_checks.py::TestWalletPermissionsManagerChecks::test_should_prompt_for_insertion_permission_if_seekbasketinsertionpermissions_true
FAILED tests/permissions/test_wallet_permissions_manager_checks.py::TestWalletPermissionsManagerChecks::test_should_prompt_for_label_usage_if_seekpermissionwhenapplyingactionlabels_true
FAILED tests/permissions/test_wallet_permissions_manager_checks.py::TestWalletPermissionsManagerChecks::test_should_prompt_for_protocol_usage_if_securitylevel_1_and_no_existing_token
FAILED tests/permissions/test_wallet_permissions_manager_checks.py::TestWalletPermissionsManagerChecks::test_should_prompt_for_removal_permission_if_seekbasketremovalpermissions_true
FAILED tests/permissions/test_wallet_permissions_manager_checks.py::TestWalletPermissionsManagerChecks::test_should_prompt_for_renewal_if_token_is_expired_cert
FAILED tests/permissions/test_wallet_permissions_manager_checks.py::TestWalletPermissionsManagerChecks::test_should_prompt_for_renewal_if_token_is_found_but_expired
FAILED tests/permissions/test_wallet_permissions_manager_checks.py::TestWalletPermissionsManagerChecks::test_should_require_listing_permission_if_seekbasketlistingpermissions_true_and_no_token
FAILED tests/permissions/test_wallet_permissions_manager_checks.py::TestWalletPermissionsManagerChecks::test_should_require_permission_if_seekcertificatedisclosurepermissions_true_no_valid_token
FAILED tests/permissions/test_wallet_permissions_manager_checks.py::TestWalletPermissionsManagerChecks::test_should_require_spending_token_if_netspent_gt_0_and_seekspendingpermissions_true
FAILED tests/permissions/test_wallet_permissions_manager_checks.py::TestWalletPermissionsManagerChecks::test_should_skip_certificate_disclosure_permission_if_config_seekcertificatedisclosurepermissions_false
FAILED tests/permissions/test_wallet_permissions_manager_checks.py::TestWalletPermissionsManagerChecks::test_should_skip_if_seekspendingpermissions_false
FAILED tests/permissions/test_wallet_permissions_manager_checks.py::TestWalletPermissionsManagerChecks::test_should_skip_insertion_permission_if_seekbasketinsertionpermissions_false
FAILED tests/permissions/test_wallet_permissions_manager_checks.py::TestWalletPermissionsManagerChecks::test_should_skip_label_permission_if_seekpermissionwhenapplyingactionlabels_false
FAILED tests/permissions/test_wallet_permissions_manager_checks.py::TestWalletPermissionsManagerChecks::test_should_skip_permission_prompt_if_seclevel_0_open_usage
FAILED tests/permissions/test_wallet_permissions_manager_encryption.py::TestWalletPermissionsManagerEncryptionHelpers::test_should_call_underlying_decrypt_with_correct_protocol_and_key_returning_plaintext_on_success
FAILED tests/permissions/test_wallet_permissions_manager_encryption.py::TestWalletPermissionsManagerEncryptionHelpers::test_should_call_underlying_encrypt_with_correct_protocol_and_key_when_encryptwalletmetadata_true
FAILED tests/permissions/test_wallet_permissions_manager_encryption.py::TestWalletPermissionsManagerEncryptionHelpers::test_should_fallback_to_original_string_if_underlying_decrypt_fails
FAILED tests/permissions/test_wallet_permissions_manager_encryption.py::TestWalletPermissionsManagerEncryptionHelpers::test_should_not_call_underlying_encrypt_if_encryptwalletmetadata_false
FAILED tests/permissions/test_wallet_permissions_manager_encryption.py::TestWalletPermissionsManagerEncryptionIntegration::test_should_encrypt_metadata_fields_in_createaction_when_encryptwalletmetadata_true_then_decrypt_them_in_listactions
FAILED tests/permissions/test_wallet_permissions_manager_encryption.py::TestWalletPermissionsManagerEncryptionIntegration::test_should_not_encrypt_metadata_if_encryptwalletmetadata_false_storing_and_retrieving_plaintext
FAILED tests/permissions/test_wallet_permissions_manager_encryption.py::TestWalletPermissionsManagerListOutputsDecryption::test_should_decrypt_custominstructions_in_listoutputs_if_encryptwalletmetadata_true
FAILED tests/permissions/test_wallet_permissions_manager_encryption.py::TestWalletPermissionsManagerListOutputsDecryption::test_should_fallback_to_the_original_ciphertext_if_decrypt_fails_in_listoutputs
FAILED tests/permissions/test_wallet_permissions_manager_flows.py::TestWalletPermissionsManagerFlows::test_should_coalesce_parallel_requests_for_the_same_resource_into_a_single_user_prompt
FAILED tests/permissions/test_wallet_permissions_manager_flows.py::TestWalletPermissionsManagerFlows::test_should_create_a_token_if_ephemeral_false_so_subsequent_calls_do_not_re_trigger_if_unexpired
FAILED tests/permissions/test_wallet_permissions_manager_flows.py::TestWalletPermissionsManagerFlows::test_should_generate_two_distinct_user_prompts_for_two_different_permission_requests
FAILED tests/permissions/test_wallet_permissions_manager_flows.py::TestWalletPermissionsManagerFlows::test_should_handle_renewal_if_the_found_token_is_expired_passing_previoustoken_in_the_request
FAILED tests/permissions/test_wallet_permissions_manager_flows.py::TestWalletPermissionsManagerFlows::test_should_not_create_a_token_if_ephemeral_true_so_subsequent_calls_re_trigger_the_request
FAILED tests/permissions/test_wallet_permissions_manager_flows.py::TestWalletPermissionsManagerFlows::test_should_reject_only_the_matching_request_queue_on_deny_if_requestid_is_specified
FAILED tests/permissions/test_wallet_permissions_manager_flows.py::TestWalletPermissionsManagerFlows::test_should_resolve_all_parallel_requests_when_permission_is_granted_referencing_the_same_requestid
FAILED tests/permissions/test_wallet_permissions_manager_initialization.py::TestWalletPermissionsManagerInitialization::test_should_consider_calls_from_the_adminoriginator_as_admin_bypassing_checks
FAILED tests/permissions/test_wallet_permissions_manager_initialization.py::TestWalletPermissionsManagerInitialization::test_should_enforce_protocol_permission_checks_for_signing_if_seekprotocolpermissionsforsigning_true
FAILED tests/permissions/test_wallet_permissions_manager_initialization.py::TestWalletPermissionsManagerInitialization::test_should_skip_basket_insertion_permission_checks_if_seekbasketinsertionpermissions_false
FAILED tests/permissions/test_wallet_permissions_manager_initialization.py::TestWalletPermissionsManagerInitialization::test_should_skip_certificate_disclosure_permission_checks_if_seekcertificatedisclosurepermissions_false
FAILED tests/permissions/test_wallet_permissions_manager_initialization.py::TestWalletPermissionsManagerInitialization::test_should_skip_metadata_encryption_if_encryptwalletmetadata_false
FAILED tests/permissions/test_wallet_permissions_manager_initialization.py::TestWalletPermissionsManagerInitialization::test_should_skip_protocol_permission_checks_for_signing_if_seekprotocolpermissionsforsigning_false
FAILED tests/permissions/test_wallet_permissions_manager_proxying.py::TestWalletPermissionsManagerProxying::test_should_abort_the_action_if_spending_permission_is_denied
FAILED tests/permissions/test_wallet_permissions_manager_proxying.py::TestWalletPermissionsManagerProxying::test_should_call_acquirecertificate_verifying_permission_if_config_seekcertificateacquisitionpermissions_true
FAILED tests/permissions/test_wallet_permissions_manager_proxying.py::TestWalletPermissionsManagerProxying::test_should_call_discoverbyattributes_after_ensuring_identity_resolution_permission
FAILED tests/permissions/test_wallet_permissions_manager_proxying.py::TestWalletPermissionsManagerProxying::test_should_call_discoverbyidentitykey_after_ensuring_identity_resolution_permission
FAILED tests/permissions/test_wallet_permissions_manager_proxying.py::TestWalletPermissionsManagerProxying::test_should_call_getpublickey_on_underlying_after_ensuring_protocol_permission
FAILED tests/permissions/test_wallet_permissions_manager_proxying.py::TestWalletPermissionsManagerProxying::test_should_call_listactions_on_the_underlying_wallet_and_decrypt_metadata_fields_if_encryptwalletmetadata_true
FAILED tests/permissions/test_wallet_permissions_manager_proxying.py::TestWalletPermissionsManagerProxying::test_should_call_listcertificates_verifying_permission_if_config_seekcertificatelistingpermissions_true
FAILED tests/permissions/test_wallet_permissions_manager_proxying.py::TestWalletPermissionsManagerProxying::test_should_call_provecertificate_after_ensuring_certificate_permission
FAILED tests/permissions/test_wallet_permissions_manager_proxying.py::TestWalletPermissionsManagerProxying::test_should_call_relinquishcertificate_if_config_seekcertificaterelinquishmentpermissions_true
FAILED tests/permissions/test_wallet_permissions_manager_proxying.py::TestWalletPermissionsManagerProxying::test_should_call_revealcounterpartykeylinkage_with_permission_check_pass_result
FAILED tests/permissions/test_wallet_permissions_manager_proxying.py::TestWalletPermissionsManagerProxying::test_should_call_revealspecifickeylinkage_with_permission_check_pass_result
FAILED tests/permissions/test_wallet_permissions_manager_proxying.py::TestWalletPermissionsManagerProxying::test_should_ensure_basket_listing_permission_then_call_listoutputs_decrypting_custominstructions
FAILED tests/permissions/test_wallet_permissions_manager_proxying.py::TestWalletPermissionsManagerProxying::test_should_ensure_basket_removal_permission_then_call_relinquishoutput
FAILED tests/permissions/test_wallet_permissions_manager_proxying.py::TestWalletPermissionsManagerProxying::test_should_pass_createaction_calls_through_label_them_handle_metadata_encryption_and_check_spending_authorization
FAILED tests/permissions/test_wallet_permissions_manager_proxying.py::TestWalletPermissionsManagerProxying::test_should_pass_internalizeaction_calls_to_underlying_after_ensuring_basket_permissions_and_encrypting_custominstructions_if_config_on
FAILED tests/permissions/test_wallet_permissions_manager_proxying.py::TestWalletPermissionsManagerProxying::test_should_propagate_errors_from_the_underlying_wallet_calls
FAILED tests/permissions/test_wallet_permissions_manager_proxying.py::TestWalletPermissionsManagerProxying::test_should_proxy_abortaction_calls_directly
FAILED tests/permissions/test_wallet_permissions_manager_proxying.py::TestWalletPermissionsManagerProxying::test_should_proxy_createhmac_calls
FAILED tests/permissions/test_wallet_permissions_manager_proxying.py::TestWalletPermissionsManagerProxying::test_should_proxy_createsignature_calls_already_tested_the_netspent_logic_in_createaction_but_lets_double_check
FAILED tests/permissions/test_wallet_permissions_manager_proxying.py::TestWalletPermissionsManagerProxying::test_should_proxy_decrypt_calls_after_checking_protocol_permission
FAILED tests/permissions/test_wallet_permissions_manager_proxying.py::TestWalletPermissionsManagerProxying::test_should_proxy_encrypt_calls_after_checking_protocol_permission
FAILED tests/permissions/test_wallet_permissions_manager_proxying.py::TestWalletPermissionsManagerProxying::test_should_proxy_getheaderforheight
FAILED tests/permissions/test_wallet_permissions_manager_proxying.py::TestWalletPermissionsManagerProxying::test_should_proxy_getheight
FAILED tests/permissions/test_wallet_permissions_manager_proxying.py::TestWalletPermissionsManagerProxying::test_should_proxy_getnetwork
FAILED tests/permissions/test_wallet_permissions_manager_proxying.py::TestWalletPermissionsManagerProxying::test_should_proxy_getversion
FAILED tests/permissions/test_wallet_permissions_manager_proxying.py::TestWalletPermissionsManagerProxying::test_should_proxy_isauthenticated_without_any_special_permission_checks
FAILED tests/permissions/test_wallet_permissions_manager_proxying.py::TestWalletPermissionsManagerProxying::test_should_proxy_signaction_calls_directly_if_invoked_by_the_user
FAILED tests/permissions/test_wallet_permissions_manager_proxying.py::TestWalletPermissionsManagerProxying::test_should_proxy_verifyhmac_calls
FAILED tests/permissions/test_wallet_permissions_manager_proxying.py::TestWalletPermissionsManagerProxying::test_should_proxy_verifysignature_calls
FAILED tests/permissions/test_wallet_permissions_manager_proxying.py::TestWalletPermissionsManagerProxying::test_should_proxy_waitforauthentication_without_any_special_permission_checks
FAILED tests/permissions/test_wallet_permissions_manager_proxying.py::TestWalletPermissionsManagerProxying::test_should_throw_an_error_if_a_non_admin_tries_signandprocess_true
FAILED tests/permissions/test_wallet_permissions_manager_tokens.py::TestWalletPermissionsManagerTokens::test_should_allow_updating_the_authorizedamount_in_dsap_renewal
FAILED tests/permissions/test_wallet_permissions_manager_tokens.py::TestWalletPermissionsManagerTokens::test_should_build_correct_fields_for_a_basket_token_dbap
FAILED tests/permissions/test_wallet_permissions_manager_tokens.py::TestWalletPermissionsManagerTokens::test_should_build_correct_fields_for_a_certificate_token_dcap
FAILED tests/permissions/test_wallet_permissions_manager_tokens.py::TestWalletPermissionsManagerTokens::test_should_build_correct_fields_for_a_protocol_token_dpacp
FAILED tests/permissions/test_wallet_permissions_manager_tokens.py::TestWalletPermissionsManagerTokens::test_should_build_correct_fields_for_a_spending_token_dsap
FAILED tests/permissions/test_wallet_permissions_manager_tokens.py::TestWalletPermissionsManagerTokens::test_should_create_a_new_basket_token_dbap
FAILED tests/permissions/test_wallet_permissions_manager_tokens.py::TestWalletPermissionsManagerTokens::test_should_create_a_new_certificate_token_dcap
FAILED tests/permissions/test_wallet_permissions_manager_tokens.py::TestWalletPermissionsManagerTokens::test_should_create_a_new_protocol_token_with_the_correct_basket_script_and_tags
FAILED tests/permissions/test_wallet_permissions_manager_tokens.py::TestWalletPermissionsManagerTokens::test_should_create_a_new_spending_authorization_token_dsap
FAILED tests/permissions/test_wallet_permissions_manager_tokens.py::TestWalletPermissionsManagerTokens::test_should_create_a_transaction_that_consumes_spends_the_old_token_with_no_new_outputs
FAILED tests/permissions/test_wallet_permissions_manager_tokens.py::TestWalletPermissionsManagerTokens::test_should_remove_the_old_token_from_listing_after_revocation
FAILED tests/permissions/test_wallet_permissions_manager_tokens.py::TestWalletPermissionsManagerTokens::test_should_spend_the_old_token_input_and_create_a_new_protocol_token_output_with_updated_expiry
FAILED tests/services/test_exchange_rates.py::TestExchangeRates::test_update_exchange_rates_for_multiple_currencies
FAILED tests/services/test_get_merkle_path.py::TestGetMerklePath::test_get_merkle_path
FAILED tests/services/test_get_raw_tx.py::TestGetRawTx::test_get_raw_tx - ass...
FAILED tests/services/test_local_services_hash_and_locktime.py::TestNLockTimeIsFinal::test_height_based_locktime_strict_less_than
FAILED tests/services/test_post_beef.py::TestPostBeef::test_postbeef_mainnet
FAILED tests/services/test_post_beef.py::TestPostBeef::test_postbeef_testnet
FAILED tests/services/test_verify_beef.py::TestVerifyBeef::test_verify_beef_from_hex
FAILED tests/services/test_verify_beef.py::TestVerifyBeef::test_verify_beef_from_storage
FAILED tests/unit/test_wallet_constructor.py::TestWalletConstructor::test_constructor_creates_wallet_with_default_labels_and_baskets
FAILED tests/universal/test_createaction.py::TestUniversalVectorsCreateAction::test_createaction_1out_json_matches_universal_vectors
FAILED tests/universal/test_createaction.py::TestUniversalVectorsCreateAction::test_createaction_nosignandprocess_json_matches_universal_vectors
FAILED tests/universal/test_createhmac.py::TestUniversalVectorsCreateHmac::test_createhmac_json_matches_universal_vectors
FAILED tests/universal/test_createsignature.py::TestUniversalVectorsCreateSignature::test_createsignature_json_matches_universal_vectors
FAILED tests/universal/test_decrypt.py::TestUniversalVectorsDecrypt::test_decrypt_json_matches_universal_vectors
FAILED tests/universal/test_discoverbyattributes.py::TestUniversalVectorsDiscoverByAttributes::test_discoverbyattributes_json_matches_universal_vectors
FAILED tests/universal/test_discoverbyidentitykey.py::TestUniversalVectorsDiscoverByIdentityKey::test_discoverbyidentitykey_json_matches_universal_vectors
FAILED tests/universal/test_encrypt.py::TestUniversalVectorsEncrypt::test_encrypt_json_matches_universal_vectors
FAILED tests/universal/test_getpublickey.py::TestUniversalVectorsGetPublicKey::test_getpublickey_json_matches_universal_vectors
FAILED tests/universal/test_internalizeaction.py::TestUniversalVectorsInternalizeAction::test_internalizeaction_json_matches_universal_vectors
FAILED tests/universal/test_listactions.py::TestUniversalVectorsListActions::test_listactions_json_matches_universal_vectors
FAILED tests/universal/test_listcertificates.py::TestUniversalVectorsListCertificates::test_listcertificates_full_json_matches_universal_vectors
FAILED tests/universal/test_listcertificates.py::TestUniversalVectorsListCertificates::test_listcertificates_simple_json_matches_universal_vectors
FAILED tests/universal/test_listoutputs.py::TestUniversalVectorsListOutputs::test_listoutputs_json_matches_universal_vectors
FAILED tests/universal/test_provecertificate.py::TestUniversalVectorsProveCertificate::test_provecertificate_json_matches_universal_vectors
FAILED tests/universal/test_relinquishcertificate.py::TestUniversalVectorsRelinquishCertificate::test_relinquishcertificate_json_matches_universal_vectors
FAILED tests/universal/test_relinquishoutput.py::TestUniversalVectorsRelinquishOutput::test_relinquishoutput_json_matches_universal_vectors
FAILED tests/universal/test_revealcounterpartykeylinkage.py::TestUniversalVectorsRevealCounterpartyKeyLinkage::test_revealcounterpartykeylinkage_json_matches_universal_vectors
FAILED tests/universal/test_revealspecifickeylinkage.py::TestUniversalVectorsRevealSpecificKeyLinkage::test_revealspecifickeylinkage_json_matches_universal_vectors
FAILED tests/universal/test_signaction.py::TestUniversalVectorsSignAction::test_signaction_json_matches_universal_vectors
FAILED tests/universal/test_verifyhmac.py::TestUniversalVectorsVerifyHmac::test_verifyhmac_json_matches_universal_vectors
FAILED tests/universal/test_verifysignature.py::TestUniversalVectorsVerifySignature::test_verifysignature_json_matches_universal_vectors
FAILED tests/utils/test_bitrails.py::TestBitrails::test_bitails_get_merkle_path
FAILED tests/utils/test_bitrails.py::TestBitrails::test_verify_merkle_proof_to_merkle_path
FAILED tests/utils/test_height_range.py::TestHeightRange::test_copy - TypeErr...
FAILED tests/utils/test_height_range.py::TestHeightRange::test_intersect - Ty...
FAILED tests/utils/test_height_range.py::TestHeightRange::test_length - TypeE...
FAILED tests/utils/test_height_range.py::TestHeightRange::test_subtract - Typ...
FAILED tests/utils/test_height_range.py::TestHeightRange::test_union - TypeEr...
FAILED tests/utils/test_pushdrop.py::TestPushdrop::test_pushdrop_transfer_example
FAILED tests/wallet/test_abort_action.py::TestWalletAbortAction::test_abort_specific_reference
FAILED tests/wallet/test_certificates.py::TestWalletAcquireCertificate::test_acquirecertificate_listcertificate_provecertificate
FAILED tests/wallet/test_certificates.py::TestWalletAcquireCertificate::test_privileged_acquirecertificate_listcertificate_provecertificate
FAILED tests/wallet/test_certificates.py::TestWalletDiscoverByAttributes::test_discover_by_attributes
FAILED tests/wallet/test_certificates.py::TestWalletDiscoverByIdentityKey::test_discover_by_identity_key
FAILED tests/wallet/test_certificates.py::TestWalletProveCertificate::test_prove_certificate
FAILED tests/wallet/test_internalize_action.py::TestWalletInternalizeAction::test_internalize_custom_output_basket_insertion
FAILED tests/wallet/test_list_actions.py::TestWalletListActions::test_specific_label_filter
FAILED tests/wallet/test_list_certificates.py::TestWalletListCertificates::test_filter_by_certifier_lowercase
FAILED tests/wallet/test_list_certificates.py::TestWalletListCertificates::test_filter_by_certifier_uppercase
FAILED tests/wallet/test_list_certificates.py::TestWalletListCertificates::test_filter_by_multiple_certifiers
FAILED tests/wallet/test_list_certificates.py::TestWalletListCertificates::test_filter_by_type
FAILED tests/wallet/test_relinquish_output.py::TestWalletRelinquishOutput::test_relinquish_specific_output
FAILED tests/wallet/test_sign_process_action.py::TestWalletProcessAction::test_process_action_invalid_params_missing_txid
FAILED tests/wallet/test_sign_process_action.py::TestWalletProcessAction::test_process_action_new_transaction
FAILED tests/wallet/test_sign_process_action.py::TestWalletProcessAction::test_process_action_with_send_with
FAILED tests/wallet/test_sign_process_action.py::TestWalletSignAction::test_sign_action_with_spend_authorizations
FAILED tests/wallet/test_sign_process_action.py::TestWalletSignAction::test_sign_action_with_valid_reference
FAILED tests/wallet/test_wallet_create_action.py::TestWalletCreateAction::test_create_action_defaults_options_and_returns_signable
FAILED tests/wallet/test_wallet_create_action.py::TestWalletCreateAction::test_create_action_sign_and_process_flow
FAILED tests/wallet/test_wallet_create_action.py::TestWalletCreateAction::test_repeatable_txid
FAILED tests/wallet/test_wallet_create_action.py::TestWalletCreateAction::test_signable_transaction
