============================= test session starts ==============================
platform linux -- Python 3.12.3, pytest-8.3.5, pluggy-1.6.0 -- /usr/bin/python
cachedir: .pytest_cache
rootdir: /home/sneakyfox/TOOLBOX/py-wallet-toolbox
configfile: pyproject.toml
testpaths: tests
plugins: cov-7.0.0, cocotb-test-0.2.6, asyncio-1.2.0, django-4.11.1
asyncio: mode=Mode.AUTO, debug=False, asyncio_default_fixture_loop_scope=function, asyncio_default_test_loop_scope=function
collecting ... collected 2972 items

tests/abi/test_serializer.py::TestSerializeRequest::test_serialize_known_method PASSED [  0%]
tests/abi/test_serializer.py::TestSerializeRequest::test_serialize_unknown_method PASSED [  0%]
tests/abi/test_serializer.py::TestSerializeRequest::test_serialize_method_with_args_ignored PASSED [  0%]
tests/abi/test_serializer.py::TestDeserializeRequest::test_deserialize_known_method PASSED [  0%]
tests/abi/test_serializer.py::TestDeserializeRequest::test_deserialize_unknown_method PASSED [  0%]
tests/abi/test_serializer.py::TestDeserializeRequest::test_deserialize_empty_data_raises_error PASSED [  0%]
tests/abi/test_serializer.py::TestDeserializeRequest::test_deserialize_single_byte_data PASSED [  0%]
tests/abi/test_serializer.py::TestSerializeResponse::test_serialize_version_response PASSED [  0%]
tests/abi/test_serializer.py::TestSerializeResponse::test_serialize_network_response PASSED [  0%]
tests/abi/test_serializer.py::TestSerializeResponse::test_serialize_signature_response PASSED [  0%]
tests/abi/test_serializer.py::TestSerializeResponse::test_serialize_unknown_response PASSED [  0%]
tests/abi/test_serializer.py::TestDeserializeResponse::test_deserialize_empty_data PASSED [  0%]
tests/abi/test_serializer.py::TestDeserializeResponse::test_deserialize_simple_dict PASSED [  0%]
tests/abi/test_serializer.py::TestSerializeDict::test_serialize_empty_dict PASSED [  0%]
tests/abi/test_serializer.py::TestSerializeDict::test_serialize_simple_dict PASSED [  0%]
tests/abi/test_serializer.py::TestSerializeDict::test_serialize_multiple_entries PASSED [  0%]
tests/abi/test_serializer.py::TestDeserializeDict::test_deserialize_empty_data PASSED [  0%]
tests/abi/test_serializer.py::TestDeserializeDict::test_deserialize_truncated_key_length PASSED [  0%]
tests/abi/test_serializer.py::TestSerializeValue::test_serialize_string PASSED [  0%]
tests/abi/test_serializer.py::TestSerializeValue::test_serialize_boolean_true PASSED [  0%]
tests/abi/test_serializer.py::TestSerializeValue::test_serialize_boolean_false PASSED [  0%]
tests/abi/test_serializer.py::TestSerializeValue::test_serialize_integer PASSED [  0%]
tests/abi/test_serializer.py::TestSerializeValue::test_serialize_byte_array PASSED [  0%]
tests/abi/test_serializer.py::TestSerializeValue::test_serialize_generic_list PASSED [  0%]
tests/abi/test_serializer.py::TestSerializeValue::test_serialize_dict PASSED [  0%]
tests/abi/test_serializer.py::TestSerializeValue::test_serialize_unsupported_type_raises_error PASSED [  0%]
tests/abi/test_serializer.py::TestDeserializeValue::test_deserialize_string PASSED [  0%]
tests/abi/test_serializer.py::TestDeserializeValue::test_deserialize_boolean_true PASSED [  0%]
tests/abi/test_serializer.py::TestDeserializeValue::test_deserialize_integer PASSED [  0%]
tests/abi/test_serializer.py::TestDeserializeValue::test_deserialize_byte_array PASSED [  1%]
tests/abi/test_serializer.py::TestDeserializeValue::test_deserialize_list PASSED [  1%]
tests/abi/test_serializer.py::TestDeserializeValue::test_deserialize_dict PASSED [  1%]
tests/abi/test_serializer.py::TestDeserializeValue::test_deserialize_unknown_type_raises_error PASSED [  1%]
tests/abi/test_serializer.py::TestDeserializeValue::test_deserialize_truncated_data_raises_error PASSED [  1%]
tests/abi/test_serializer.py::TestSerializeLength::test_serialize_small_length PASSED [  1%]
tests/abi/test_serializer.py::TestSerializeLength::test_serialize_medium_length PASSED [  1%]
tests/abi/test_serializer.py::TestSerializeLength::test_serialize_large_length PASSED [  1%]
tests/abi/test_serializer.py::TestDeserializeLength::test_deserialize_small_length PASSED [  1%]
tests/abi/test_serializer.py::TestDeserializeLength::test_deserialize_medium_length PASSED [  1%]
tests/abi/test_serializer.py::TestDeserializeLength::test_deserialize_large_length PASSED [  1%]
tests/abi/test_serializer.py::TestDeserializeLength::test_deserialize_truncated_data_raises_error PASSED [  1%]
tests/abi/test_serializer.py::TestSerializeVarint::test_serialize_small_int PASSED [  1%]
tests/abi/test_serializer.py::TestSerializeVarint::test_serialize_medium_int PASSED [  1%]
tests/abi/test_serializer.py::TestSerializeVarint::test_serialize_large_int PASSED [  1%]
tests/abi/test_serializer.py::TestSerializeVarint::test_serialize_zero PASSED [  1%]
tests/abi/test_serializer.py::TestSerializeVarint::test_serialize_negative_raises_error PASSED [  1%]
tests/abi/test_serializer.py::TestDeserializeVarint::test_deserialize_small_int PASSED [  1%]
tests/abi/test_serializer.py::TestDeserializeVarint::test_deserialize_medium_int PASSED [  1%]
tests/abi/test_serializer.py::TestDeserializeVarint::test_deserialize_large_int PASSED [  1%]
tests/abi/test_serializer.py::TestDeserializeVarint::test_deserialize_zero PASSED [  1%]
tests/abi/test_serializer.py::TestDeserializeVarint::test_deserialize_truncated_data PASSED [  1%]
tests/abi/test_serializer.py::TestDeserializeVarint::test_deserialize_max_length_varint PASSED [  1%]
tests/authentication/test_authentication_coverage.py::TestAuthentication::test_import_auth_module PASSED [  1%]
tests/authentication/test_authentication_coverage.py::TestAuthentication::test_create_auth_context PASSED [  1%]
tests/authentication/test_authentication_coverage.py::TestAuthentication::test_verify_credentials PASSED [  1%]
tests/authentication/test_authentication_coverage.py::TestAuthorization::test_check_permission PASSED [  1%]
tests/authentication/test_authentication_coverage.py::TestAuthorization::test_require_permission PASSED [  1%]
tests/authentication/test_authentication_coverage.py::TestAuthorization::test_has_role PASSED [  1%]
tests/authentication/test_authentication_coverage.py::TestAuthenticationErrors::test_invalid_credentials PASSED [  1%]
tests/authentication/test_authentication_coverage.py::TestAuthenticationErrors::test_missing_permission PASSED [  2%]
tests/authentication/test_authentication_coverage.py::TestAuthContextMethods::test_get_user_id PASSED [  2%]
tests/authentication/test_authentication_coverage.py::TestAuthContextMethods::test_get_permissions PASSED [  2%]
tests/authentication/test_authentication_coverage.py::TestAuthContextMethods::test_add_permission PASSED [  2%]
tests/brc29/test_brc29_address.py::TestBRC29AddressByRecipientCreation::test_return_valid_address_with_hex_string_as_sender_public_key_source PASSED [  2%]
tests/brc29/test_brc29_address.py::TestBRC29AddressByRecipientCreation::test_return_valid_address_with_ec_publickey_as_sender_public_key_source PASSED [  2%]
tests/brc29/test_brc29_address.py::TestBRC29AddressByRecipientCreation::test_return_valid_address_with_sender_key_deriver_as_sender_public_key_source PASSED [  2%]
tests/brc29/test_brc29_address.py::TestBRC29AddressByRecipientCreation::test_return_valid_address_with_ec_privatekey_as_recipient_private_key_source PASSED [  2%]
tests/brc29/test_brc29_address.py::TestBRC29AddressByRecipientCreation::test_return_testnet_address_created_with_brc29_by_recipient PASSED [  2%]
tests/brc29/test_brc29_address.py::TestBRC29AddressByRecipientErrors::test_return_error_when_sender_key_is_empty PASSED [  2%]
tests/brc29/test_brc29_address.py::TestBRC29AddressByRecipientErrors::test_return_error_when_sender_key_parsing_fails PASSED [  2%]
tests/brc29/test_brc29_address.py::TestBRC29AddressByRecipientErrors::test_return_error_when_keyid_is_invalid PASSED [  2%]
tests/brc29/test_brc29_address.py::TestBRC29AddressByRecipientErrors::test_return_error_when_recipient_key_is_empty PASSED [  2%]
tests/brc29/test_brc29_address.py::TestBRC29AddressByRecipientErrors::test_return_error_when_recipient_key_parsing_fails PASSED [  2%]
tests/brc29/test_brc29_address.py::TestBRC29AddressByRecipientErrors::test_return_error_when_nil_is_passed_as_sender_public_key_deriver PASSED [  2%]
tests/brc29/test_brc29_address.py::TestBRC29AddressByRecipientErrors::test_return_error_when_nil_is_passed_as_sender_public_key PASSED [  2%]
tests/brc29/test_brc29_address.py::TestBRC29AddressByRecipientErrors::test_return_error_when_nil_is_passed_as_recipient_private_key_deriver PASSED [  2%]
tests/brc29/test_brc29_address.py::TestBRC29AddressByRecipientErrors::test_return_error_when_nil_is_passed_as_recipient_private_key PASSED [  2%]
tests/brc29/test_brc29_address.py::TestBRC29AddressCreation::test_return_valid_address_created_with_brc28_with_hex_string_as_sender_private_key_source PASSED [  2%]
tests/brc29/test_brc29_address.py::TestBRC29AddressCreation::test_return_valid_address_created_with_brc28_with_wif_as_sender_private_key_source PASSED [  2%]
tests/brc29/test_brc29_address.py::TestBRC29AddressCreation::test_return_valid_address_created_with_brc28_with_ec_privatekey_as_sender_private_key_source PASSED [  2%]
tests/brc29/test_brc29_address.py::TestBRC29AddressCreation::test_return_valid_address_created_with_brc28_with_key_deriver_as_sender_private_key_source PASSED [  2%]
tests/brc29/test_brc29_address.py::TestBRC29AddressCreation::test_return_valid_address_created_with_brc28_with_ec_publickey_as_receiver_public_key_source PASSED [  2%]
tests/brc29/test_brc29_address.py::TestBRC29AddressCreation::test_return_testnet_address_created_with_brc29 PASSED [  2%]
tests/brc29/test_brc29_address.py::TestBRC29AddressErrors::test_return_error_when_sender_key_is_empty PASSED [  2%]
tests/brc29/test_brc29_address.py::TestBRC29AddressErrors::test_return_error_when_sender_key_parsing_fails PASSED [  2%]
tests/brc29/test_brc29_address.py::TestBRC29AddressErrors::test_return_error_when_keyid_is_invalid PASSED [  2%]
tests/brc29/test_brc29_address.py::TestBRC29AddressErrors::test_return_error_when_recipient_key_is_empty PASSED [  2%]
tests/brc29/test_brc29_address.py::TestBRC29AddressErrors::test_return_error_when_recipient_key_parsing_fails PASSED [  2%]
tests/brc29/test_brc29_address.py::TestBRC29AddressErrors::test_return_error_when_nil_is_passed_as_sender_private_key_deriver PASSED [  2%]
tests/brc29/test_brc29_address.py::TestBRC29AddressErrors::test_return_error_when_nil_is_passed_as_sender_private_key PASSED [  3%]
tests/brc29/test_brc29_address.py::TestBRC29AddressErrors::test_return_error_when_nil_is_passed_as_recipient_public_key_deriver PASSED [  3%]
tests/brc29/test_brc29_address.py::TestBRC29AddressErrors::test_return_error_when_nil_is_passed_as_recipient_public_key PASSED [  3%]
tests/brc29/test_brc29_template.py::TestBRC29TemplateLock::test_should_lock_with_p2pkh_and_brc29_calculated_address PASSED [  3%]
tests/brc29/test_brc29_template.py::TestBRC29TemplateLock::test_return_error_when_key_id_is_invalid PASSED [  3%]
tests/brc29/test_brc29_template.py::TestBRC29TemplateLock::test_return_error_when_nil_is_passed_as_sender_private_key_deriver PASSED [  3%]
tests/brc29/test_brc29_template.py::TestBRC29TemplateLock::test_return_error_when_nil_is_passed_as_sender_private_key PASSED [  3%]
tests/brc29/test_brc29_template.py::TestBRC29TemplateLock::test_return_error_when_nil_is_passed_as_recipient_public_key_deriver PASSED [  3%]
tests/brc29/test_brc29_template.py::TestBRC29TemplateLock::test_return_error_when_nil_is_passed_as_recipient_public_key PASSED [  3%]
tests/brc29/test_brc29_template.py::TestBRC29TemplateLock::test_return_error_when_sender_key_is_empty PASSED [  3%]
tests/brc29/test_brc29_template.py::TestBRC29TemplateLock::test_return_error_when_sender_key_parsing_fails PASSED [  3%]
tests/brc29/test_brc29_template.py::TestBRC29TemplateLock::test_return_error_when_keyid_is_invalid PASSED [  3%]
tests/brc29/test_brc29_template.py::TestBRC29TemplateLock::test_return_error_when_recipient_key_is_empty PASSED [  3%]
tests/brc29/test_brc29_template.py::TestBRC29TemplateLock::test_return_error_when_recipient_key_parsing_fails PASSED [  3%]
tests/brc29/test_brc29_template.py::TestBRC29TemplateLockForSelf::test_should_lock_with_p2pkh_and_brc29_calculated_address_self PASSED [  3%]
tests/brc29/test_brc29_template.py::TestBRC29TemplateLockForSelf::test_return_error_when_key_id_is_invalid_self PASSED [  3%]
tests/brc29/test_brc29_template.py::TestBRC29TemplateLockForSelf::test_return_error_when_nil_is_passed_as_sender_public_key_deriver PASSED [  3%]
tests/brc29/test_brc29_template.py::TestBRC29TemplateLockForSelf::test_return_error_when_nil_is_passed_as_sender_public_key PASSED [  3%]
tests/brc29/test_brc29_template.py::TestBRC29TemplateLockForSelf::test_return_error_when_nil_is_passed_as_recipient_private_key_deriver PASSED [  3%]
tests/brc29/test_brc29_template.py::TestBRC29TemplateLockForSelf::test_return_error_when_nil_is_passed_as_recipient_private_key PASSED [  3%]
tests/brc29/test_brc29_template.py::TestBRC29TemplateLockForSelf::test_return_error_when_sender_key_is_empty PASSED [  3%]
tests/brc29/test_brc29_template.py::TestBRC29TemplateLockForSelf::test_return_error_when_sender_key_parsing_fails PASSED [  3%]
tests/brc29/test_brc29_template.py::TestBRC29TemplateLockForSelf::test_return_error_when_keyid_is_invalid PASSED [  3%]
tests/brc29/test_brc29_template.py::TestBRC29TemplateLockForSelf::test_return_error_when_recipient_key_is_empty PASSED [  3%]
tests/brc29/test_brc29_template.py::TestBRC29TemplateLockForSelf::test_return_error_when_recipient_key_parsing_fails PASSED [  3%]
tests/brc29/test_brc29_template.py::TestBRC29TemplateUnlock::test_unlock_the_output_locked_with_brc29_locker PASSED [  3%]
tests/brc29/test_brc29_template.py::TestBRC29TemplateUnlock::test_estimate_unlocking_script_length PASSED [  3%]
tests/brc29/test_brc29_template.py::TestBRC29TemplateUnlock::test_return_error_when_sender_key_is_empty PASSED [  3%]
tests/brc29/test_brc29_template.py::TestBRC29TemplateUnlock::test_return_error_when_sender_key_parsing_fails PASSED [  3%]
tests/brc29/test_brc29_template.py::TestBRC29TemplateUnlock::test_return_error_when_keyid_is_invalid PASSED [  4%]
tests/brc29/test_brc29_template.py::TestBRC29TemplateUnlock::test_return_error_when_recipient_key_is_empty PASSED [  4%]
tests/brc29/test_brc29_template.py::TestBRC29TemplateUnlock::test_return_error_when_recipient_key_parsing_fails PASSED [  4%]
tests/certificates/test_certificate_life_cycle.py::TestCertificateLifeCycle::test_complete_flow_mastercertificate_and_verifiablecertificate SKIPPED [  4%]
tests/chaintracker/test_chaintracks_coverage.py::TestChaintracksService::test_import_chaintracks_service PASSED [  4%]
tests/chaintracker/test_chaintracks_coverage.py::TestChaintracksService::test_create_chaintracks_service PASSED [  4%]
tests/chaintracker/test_chaintracks_coverage.py::TestChaintracksServiceClient::test_import_chaintracks_client PASSED [  4%]
tests/chaintracker/test_chaintracks_coverage.py::TestChaintracksServiceClient::test_create_chaintracks_client PASSED [  4%]
tests/chaintracker/test_chaintracks_coverage.py::TestChaintracksServiceClient::test_client_get_header PASSED [  4%]
tests/chaintracker/test_chaintracks_coverage.py::TestChaintracksStorage::test_import_chaintracks_storage PASSED [  4%]
tests/chaintracker/test_chaintracks_coverage.py::TestChaintracksStorage::test_create_chaintracks_storage PASSED [  4%]
tests/chaintracker/test_chaintracks_coverage.py::TestChaintracksStorage::test_storage_save_header PASSED [  4%]
tests/chaintracker/test_chaintracks_coverage.py::TestChaintracksStorage::test_storage_get_header PASSED [  4%]
tests/chaintracker/test_chaintracks_coverage.py::TestChaintracksIntegration::test_service_with_client PASSED [  4%]
tests/chaintracker/test_chaintracks_coverage.py::TestChaintracksIntegration::test_service_with_storage PASSED [  4%]
tests/chaintracks/test_chain_tracker.py::TestChaintracksChainTracker::test_test SKIPPED [  4%]
tests/chaintracks/test_chain_tracker.py::TestChaintracksChainTracker::test_main SKIPPED [  4%]
tests/chaintracks/test_chaintracks.py::TestChaintracks::test_nodb_mainnet PASSED [  4%]
tests/chaintracks/test_chaintracks.py::TestChaintracks::test_nodb_testnet PASSED [  4%]
tests/chaintracks/test_client_api.py::TestChaintracksClientApi::test_getchain PASSED [  4%]
tests/chaintracks/test_client_api.py::TestChaintracksClientApi::test_getinfo PASSED [  4%]
tests/chaintracks/test_client_api.py::TestChaintracksClientApi::test_getpresentheight PASSED [  4%]
tests/chaintracks/test_client_api.py::TestChaintracksClientApi::test_getheaders PASSED [  4%]
tests/chaintracks/test_client_api.py::TestChaintracksClientApi::test_findchaintipheader PASSED [  4%]
tests/chaintracks/test_client_api.py::TestChaintracksClientApi::test_findchaintiphash PASSED [  4%]
tests/chaintracks/test_client_api.py::TestChaintracksClientApi::test_findheaderforheight PASSED [  4%]
tests/chaintracks/test_client_api.py::TestChaintracksClientApi::test_addheader PASSED [  4%]
tests/chaintracks/test_client_api.py::TestChaintracksClientApi::test_subscribeheaders PASSED [  4%]
tests/chaintracks/test_client_api.py::TestChaintracksClientApi::test_subscribereorgs PASSED [  4%]
tests/chaintracks/test_fetch.py::TestChaintracksFetch::test_fetchjson SKIPPED [  4%]
tests/chaintracks/test_fetch.py::TestChaintracksFetch::test_download SKIPPED [  5%]
tests/chaintracks/test_fetch.py::TestChaintracksFetch::test_download_716 SKIPPED [  5%]
tests/chaintracks/test_fetch.py::TestChaintracksFetch::test_download_717 SKIPPED [  5%]
tests/chaintracks/test_service_client.py::TestChaintracksServiceClient::test_mainnet_findheaderforheight SKIPPED [  5%]
tests/chaintracks/test_service_client.py::TestChaintracksServiceClient::test_testnet_findheaderforheight SKIPPED [  5%]
tests/constants/test_constants_coverage.py::TestNetworkConstants::test_import_network_constants PASSED [  5%]
tests/constants/test_constants_coverage.py::TestNetworkConstants::test_mainnet_constants PASSED [  5%]
tests/constants/test_constants_coverage.py::TestNetworkConstants::test_testnet_constants PASSED [  5%]
tests/constants/test_constants_coverage.py::TestTransactionConstants::test_max_tx_size PASSED [  5%]
tests/constants/test_constants_coverage.py::TestTransactionConstants::test_dust_limit PASSED [  5%]
tests/constants/test_constants_coverage.py::TestTransactionConstants::test_sequence_final PASSED [  5%]
tests/constants/test_constants_coverage.py::TestScriptConstants::test_op_codes PASSED [  5%]
tests/constants/test_constants_coverage.py::TestScriptConstants::test_op_return PASSED [  5%]
tests/constants/test_constants_coverage.py::TestCryptographicConstants::test_hash_lengths PASSED [  5%]
tests/constants/test_constants_coverage.py::TestCryptographicConstants::test_key_lengths PASSED [  5%]
tests/constants/test_constants_coverage.py::TestFeeConstants::test_default_fee_rate PASSED [  5%]
tests/constants/test_constants_coverage.py::TestFeeConstants::test_min_relay_fee PASSED [  5%]
tests/constants/test_constants_coverage.py::TestBlockchainConstants::test_block_time PASSED [  5%]
tests/constants/test_constants_coverage.py::TestBlockchainConstants::test_difficulty_adjustment PASSED [  5%]
tests/constants/test_constants_coverage.py::TestBlockchainConstants::test_max_block_size PASSED [  5%]
tests/entities/test_entities_coverage.py::TestUserEntity::test_import_user_entity PASSED [  5%]
tests/entities/test_entities_coverage.py::TestUserEntity::test_create_user_instance PASSED [  5%]
tests/entities/test_entities_coverage.py::TestOutputEntity::test_import_output_entity PASSED [  5%]
tests/entities/test_entities_coverage.py::TestOutputEntity::test_create_output_instance PASSED [  5%]
tests/entities/test_entities_coverage.py::TestTransactionEntity::test_import_transaction_entity PASSED [  5%]
tests/entities/test_entities_coverage.py::TestTransactionEntity::test_create_transaction_instance PASSED [  5%]
tests/entities/test_entities_coverage.py::TestCertificateEntity::test_import_certificate_entity PASSED [  5%]
tests/entities/test_entities_coverage.py::TestCertificateEntity::test_create_certificate_instance PASSED [  5%]
tests/entities/test_entities_coverage.py::TestActionEntity::test_import_action_entity PASSED [  5%]
tests/entities/test_entities_coverage.py::TestActionEntity::test_create_action_instance PASSED [  5%]
tests/entities/test_entities_coverage.py::TestOutputBasketEntity::test_import_output_basket_entity PASSED [  6%]
tests/entities/test_entities_coverage.py::TestOutputBasketEntity::test_create_output_basket_instance PASSED [  6%]
tests/entities/test_entities_coverage.py::TestEntityRelationships::test_user_output_relationship PASSED [  6%]
tests/entities/test_entities_coverage.py::TestEntityRelationships::test_output_basket_relationship PASSED [  6%]
tests/entities/test_entities_coverage.py::TestEntityValidation::test_output_requires_txid PASSED [  6%]
tests/entities/test_entities_coverage.py::TestEntityValidation::test_transaction_requires_txid PASSED [  6%]
tests/errors/test_action_error.py::TestTransactionError::test_success PASSED [  6%]
tests/errors/test_action_error.py::TestTransactionError::test_error_without_cause PASSED [  6%]
tests/errors/test_action_error.py::TestCreateActionError::test_success PASSED [  6%]
tests/errors/test_action_error.py::TestCreateActionError::test_error_without_cause PASSED [  6%]
tests/errors/test_action_error.py::TestProcessActionError::test_with_success_and_failed_txs PASSED [  6%]
tests/errors/test_action_error.py::TestProcessActionError::test_with_review_results_and_cause PASSED [  6%]
tests/errors/test_action_error.py::TestProcessActionError::test_nil_cause_and_no_results PASSED [  6%]
tests/errors/test_errors_coverage.py::TestWalletErrors::test_import_wallet_error PASSED [  6%]
tests/errors/test_errors_coverage.py::TestWalletErrors::test_raise_wallet_error PASSED [  6%]
tests/errors/test_errors_coverage.py::TestWalletErrors::test_wallet_error_message PASSED [  6%]
tests/errors/test_errors_coverage.py::TestWalletErrors::test_wallet_error_with_context PASSED [  6%]
tests/errors/test_errors_coverage.py::TestWalletErrors::test_wallet_error_format_message PASSED [  6%]
tests/errors/test_errors_coverage.py::TestValidationError::test_validation_error_basic PASSED [  6%]
tests/errors/test_errors_coverage.py::TestValidationError::test_validation_error_with_field PASSED [  6%]
tests/errors/test_errors_coverage.py::TestValidationError::test_validation_error_with_value PASSED [  6%]
tests/errors/test_errors_coverage.py::TestValidationError::test_validation_error_with_field_and_value PASSED [  6%]
tests/errors/test_errors_coverage.py::TestConfigurationError::test_configuration_error_basic PASSED [  6%]
tests/errors/test_errors_coverage.py::TestConfigurationError::test_configuration_error_with_component PASSED [  6%]
tests/errors/test_errors_coverage.py::TestConfigurationError::test_configuration_error_with_required PASSED [  6%]
tests/errors/test_errors_coverage.py::TestConfigurationError::test_configuration_error_full PASSED [  6%]
tests/errors/test_errors_coverage.py::TestStateError::test_state_error_basic PASSED [  6%]
tests/errors/test_errors_coverage.py::TestStateError::test_state_error_with_current_state PASSED [  6%]
tests/errors/test_errors_coverage.py::TestStateError::test_state_error_with_expected_state_string PASSED [  6%]
tests/errors/test_errors_coverage.py::TestStateError::test_state_error_with_expected_state_list PASSED [  6%]
tests/errors/test_errors_coverage.py::TestStateError::test_state_error_full PASSED [  7%]
tests/errors/test_errors_coverage.py::TestOperationError::test_operation_error_basic PASSED [  7%]
tests/errors/test_errors_coverage.py::TestOperationError::test_operation_error_with_operation PASSED [  7%]
tests/errors/test_errors_coverage.py::TestOperationError::test_operation_error_with_reason PASSED [  7%]
tests/errors/test_errors_coverage.py::TestOperationError::test_operation_error_full PASSED [  7%]
tests/errors/test_errors_coverage.py::TestFormatError::test_format_error_basic PASSED [  7%]
tests/errors/test_errors_coverage.py::TestFormatError::test_format_error_with_data_type PASSED [  7%]
tests/errors/test_errors_coverage.py::TestFormatError::test_format_error_with_expected_format PASSED [  7%]
tests/errors/test_errors_coverage.py::TestFormatError::test_format_error_full PASSED [  7%]
tests/errors/test_errors_coverage.py::TestInvalidParameterError::test_invalid_parameter_error_basic PASSED [  7%]
tests/errors/test_errors_coverage.py::TestInvalidParameterError::test_invalid_parameter_error_with_message PASSED [  7%]
tests/errors/test_errors_coverage.py::TestInvalidParameterError::test_raise_invalid_parameter_error PASSED [  7%]
tests/errors/test_errors_coverage.py::TestInsufficientFundsError::test_insufficient_funds_error_basic PASSED [  7%]
tests/errors/test_errors_coverage.py::TestInsufficientFundsError::test_insufficient_funds_error_message PASSED [  7%]
tests/errors/test_errors_coverage.py::TestInsufficientFundsError::test_raise_insufficient_funds_error PASSED [  7%]
tests/errors/test_errors_coverage.py::TestTransactionBroadcastError::test_transaction_broadcast_error_default PASSED [  7%]
tests/errors/test_errors_coverage.py::TestTransactionBroadcastError::test_transaction_broadcast_error_custom PASSED [  7%]
tests/errors/test_errors_coverage.py::TestTransactionBroadcastError::test_raise_transaction_broadcast_error PASSED [  7%]
tests/errors/test_errors_coverage.py::TestTransactionSizeError::test_transaction_size_error_default PASSED [  7%]
tests/errors/test_errors_coverage.py::TestTransactionSizeError::test_transaction_size_error_custom PASSED [  7%]
tests/errors/test_errors_coverage.py::TestTransactionSizeError::test_raise_transaction_size_error PASSED [  7%]
tests/errors/test_errors_coverage.py::TestReviewActionsError::test_review_actions_error_minimal PASSED [  7%]
tests/errors/test_errors_coverage.py::TestReviewActionsError::test_review_actions_error_full PASSED [  7%]
tests/errors/test_errors_coverage.py::TestReviewActionsError::test_review_actions_error_multiple_actions PASSED [  7%]
tests/errors/test_errors_coverage.py::TestReviewActionsError::test_raise_review_actions_error PASSED [  7%]
tests/errors/test_errors_coverage.py::TestErrorInheritance::test_wallet_error_is_exception PASSED [  7%]
tests/errors/test_errors_coverage.py::TestErrorInheritance::test_validation_error_is_wallet_error PASSED [  7%]
tests/errors/test_errors_coverage.py::TestErrorInheritance::test_configuration_error_is_wallet_error PASSED [  7%]
tests/errors/test_errors_coverage.py::TestErrorInheritance::test_state_error_is_wallet_error PASSED [  7%]
tests/errors/test_errors_coverage.py::TestErrorInheritance::test_operation_error_is_wallet_error PASSED [  8%]
tests/errors/test_errors_coverage.py::TestErrorInheritance::test_format_error_is_wallet_error PASSED [  8%]
tests/errors/test_errors_coverage.py::TestErrorInheritance::test_catch_base_exception PASSED [  8%]
tests/errors/test_errors_coverage.py::TestErrorInheritance::test_catch_as_wallet_error PASSED [  8%]
tests/errors/test_errors_coverage.py::TestErrorStringRepresentations::test_wallet_error_str PASSED [  8%]
tests/errors/test_errors_coverage.py::TestErrorStringRepresentations::test_wallet_error_str_with_context PASSED [  8%]
tests/errors/test_errors_coverage.py::TestErrorStringRepresentations::test_invalid_parameter_error_str PASSED [  8%]
tests/errors/test_errors_coverage.py::TestErrorStringRepresentations::test_insufficient_funds_error_str PASSED [  8%]
tests/integration/test_bulk_file_data_manager.py::TestBulkFileDataManager::test_default_options_cdn_files SKIPPED [  8%]
tests/integration/test_bulk_file_data_manager.py::TestBulkFileDataManager::test_default_options_cdn_files_nodropall SKIPPED [  8%]
tests/integration/test_bulk_ingestor_cdn_babbage.py::TestBulkIngestorCDNBabbage::test_mainnet SKIPPED [  8%]
tests/integration/test_bulk_ingestor_cdn_babbage.py::TestBulkIngestorCDNBabbage::test_testnet SKIPPED [  8%]
tests/integration/test_local_kv_store.py::TestLocalKVStore::test_get_non_existent PASSED [  8%]
tests/integration/test_local_kv_store.py::TestLocalKVStore::test_set_get PASSED [  8%]
tests/integration/test_local_kv_store.py::TestLocalKVStore::test_set_x_4_get PASSED [  8%]
tests/integration/test_local_kv_store.py::TestLocalKVStore::test_set_x_4_get_set_x_4_get PASSED [  8%]
tests/integration/test_privileged_key_manager.py::TestPrivilegedKeyManager::test_validates_the_brc_3_compliance_vector PASSED [  8%]
tests/integration/test_privileged_key_manager.py::TestPrivilegedKeyManager::test_validates_the_brc_2_hmac_compliance_vector PASSED [  8%]
tests/integration/test_privileged_key_manager.py::TestPrivilegedKeyManager::test_validates_the_brc_2_encryption_compliance_vector PASSED [  8%]
tests/integration/test_privileged_key_manager.py::TestPrivilegedKeyManager::test_encrypts_messages_decryptable_by_the_counterparty PASSED [  8%]
tests/integration/test_privileged_key_manager.py::TestPrivilegedKeyManager::test_fails_to_decryupt_messages_for_the_wrong_protocol_key_and_counterparty PASSED [  8%]
tests/integration/test_privileged_key_manager.py::TestPrivilegedKeyManager::test_correctly_derives_keys_for_a_counterparty PASSED [  8%]
tests/integration/test_privileged_key_manager.py::TestPrivilegedKeyManager::test_signs_messages_verifiable_by_the_counterparty PASSED [  8%]
tests/integration/test_privileged_key_manager.py::TestPrivilegedKeyManager::test_directly_signs_hash_of_message_verifiable_by_the_counterparty PASSED [  8%]
tests/integration/test_privileged_key_manager.py::TestPrivilegedKeyManager::test_fails_to_verify_signature_for_the_wrong_data_protocol_key_and_counterparty PASSED [  8%]
tests/integration/test_privileged_key_manager.py::TestPrivilegedKeyManager::test_computes_hmac_over_messages_verifiable_by_the_counterparty PASSED [  8%]
tests/integration/test_privileged_key_manager.py::TestPrivilegedKeyManager::test_fails_to_verify_hmac_for_the_wrong_data_protocol_key_and_counterparty PASSED [  8%]
tests/integration/test_privileged_key_manager.py::TestPrivilegedKeyManager::test_uses_anyone_for_creating_signatures_and_self_for_other_operations_if_no_counterparty_is_provided PASSED [  8%]
tests/integration/test_privileged_key_manager.py::TestPrivilegedKeyManager::test_validates_the_revealcounterpartykeylinkage_function PASSED [  8%]
tests/integration/test_privileged_key_manager.py::TestPrivilegedKeyManager::test_validates_the_revealspecifickeylinkage_function PASSED [  8%]
tests/integration/test_privileged_key_manager.py::TestPrivilegedKeyManager::test_calls_keygetter_only_once_if_getprivilegedkey_is_invoked_multiple_times_within_retention_period PASSED [  9%]
tests/integration/test_privileged_key_manager.py::TestPrivilegedKeyManager::test_destroys_key_after_retention_period_elapses PASSED [  9%]
tests/integration/test_privileged_key_manager.py::TestPrivilegedKeyManager::test_explicitly_calls_destroykey_and_removes_all_chunk_properties PASSED [  9%]
tests/integration/test_privileged_key_manager.py::TestPrivilegedKeyManager::test_reuses_in_memory_obfuscated_key_if_data_is_valid_otherwise_fetches_a_new_key PASSED [  9%]
tests/integration/test_privileged_key_manager.py::TestPrivilegedKeyManager::test_ensures_chunk_splitting_logic_is_correct_for_a_32_byte_key PASSED [  9%]
tests/integration/test_privileged_key_manager.py::TestPrivilegedKeyManager::test_xor_function_works_as_expected PASSED [  9%]
tests/integration/test_privileged_key_manager.py::TestPrivilegedKeyManager::test_generates_random_property_names PASSED [  9%]
tests/integration/test_privileged_key_manager.py::TestPrivilegedKeyManager::test_sets_up_initial_decoy_properties_in_the_constructor PASSED [  9%]
tests/integration/test_privileged_key_manager.py::TestPrivilegedKeyManager::test_new_decoy_properties_are_created_on_each_key_fetch_and_destroyed_on_destroy PASSED [  9%]
tests/integration/test_single_writer_multi_reader_lock.py::TestSingleWriterMultiReaderLock::test_concurrent_reads_and_writes_execute_in_correct_order PASSED [  9%]
tests/manager/test_managers_expanded_coverage.py::TestSimpleWalletManagerInitialization::test_manager_creation_basic PASSED [  9%]
tests/manager/test_managers_expanded_coverage.py::TestSimpleWalletManagerInitialization::test_manager_with_wallet PASSED [  9%]
tests/manager/test_managers_expanded_coverage.py::TestSimpleWalletManagerInitialization::test_manager_with_auto_approve PASSED [  9%]
tests/manager/test_managers_expanded_coverage.py::TestSimpleWalletManagerMethods::test_create_action PASSED [  9%]
tests/manager/test_managers_expanded_coverage.py::TestSimpleWalletManagerMethods::test_sign_action PASSED [  9%]
tests/manager/test_managers_expanded_coverage.py::TestSimpleWalletManagerMethods::test_abort_action PASSED [  9%]
tests/manager/test_managers_expanded_coverage.py::TestSimpleWalletManagerMethods::test_get_network PASSED [  9%]
tests/manager/test_managers_expanded_coverage.py::TestSimpleWalletManagerMethods::test_get_version PASSED [  9%]
tests/manager/test_managers_expanded_coverage.py::TestSimpleWalletManagerOutputs::test_relinquish_output PASSED [  9%]
tests/manager/test_managers_expanded_coverage.py::TestSimpleWalletManagerOutputs::test_list_outputs_with_basket PASSED [  9%]
tests/manager/test_managers_expanded_coverage.py::TestSimpleWalletManagerAdvanced::test_manager_auto_approve_behavior PASSED [  9%]
tests/manager/test_managers_expanded_coverage.py::TestSimpleWalletManagerAdvanced::test_manager_manual_approve_behavior PASSED [  9%]
tests/manager/test_managers_expanded_coverage.py::TestSimpleWalletManagerCryptoMethods::test_create_signature PASSED [  9%]
tests/manager/test_managers_expanded_coverage.py::TestSimpleWalletManagerCryptoMethods::test_verify_signature PASSED [  9%]
tests/manager/test_managers_expanded_coverage.py::TestSimpleWalletManagerCryptoMethods::test_create_hmac PASSED [  9%]
tests/manager/test_managers_expanded_coverage.py::TestSimpleWalletManagerCryptoMethods::test_verify_hmac PASSED [  9%]
tests/manager/test_managers_expanded_coverage.py::TestSimpleWalletManagerCryptoMethods::test_encrypt_data PASSED [  9%]
tests/manager/test_managers_expanded_coverage.py::TestSimpleWalletManagerCryptoMethods::test_decrypt_data PASSED [  9%]
tests/manager/test_simple_manager_coverage.py::TestSimpleWalletManagerInitialization::test_manager_creation PASSED [  9%]
tests/manager/test_simple_manager_coverage.py::TestSimpleWalletManagerInitialization::test_manager_with_config PASSED [  9%]
tests/manager/test_simple_manager_coverage.py::TestSimpleWalletManagerInitialization::test_manager_with_minimal_params PASSED [ 10%]
tests/manager/test_simple_manager_coverage.py::TestSimpleWalletManagerInitialization::test_manager_with_state_snapshot PASSED [ 10%]
tests/manager/test_simple_manager_coverage.py::TestSimpleWalletManagerAuthentication::test_authentication_methods_exist PASSED [ 10%]
tests/manager/test_simple_manager_coverage.py::TestSimpleWalletManagerAuthentication::test_authenticate_method PASSED [ 10%]
tests/manager/test_simple_manager_coverage.py::TestSimpleWalletManagerAuthentication::test_is_authenticated_property PASSED [ 10%]
tests/manager/test_simple_manager_coverage.py::TestSimpleWalletManagerMethods::test_get_wallet PASSED [ 10%]
tests/manager/test_simple_manager_coverage.py::TestSimpleWalletManagerMethods::test_initialize_wallet PASSED [ 10%]
tests/manager/test_simple_manager_coverage.py::TestSimpleWalletManagerMethods::test_wallet_interface_methods PASSED [ 10%]
tests/manager/test_simple_manager_coverage.py::TestSimpleWalletManagerStateManagement::test_state_snapshot_handling PASSED [ 10%]
tests/manager/test_simple_manager_coverage.py::TestSimpleWalletManagerStateManagement::test_privileged_key_manager_integration PASSED [ 10%]
tests/manager/test_simple_manager_coverage.py::TestSimpleWalletManagerErrorHandling::test_manager_invalid_config PASSED [ 10%]
tests/manager/test_simple_manager_coverage.py::TestSimpleWalletManagerErrorHandling::test_authenticate_without_setup PASSED [ 10%]
tests/manager/test_simple_manager_coverage.py::TestSimpleWalletManagerErrorHandling::test_wallet_operations_without_auth PASSED [ 10%]
tests/models/test_models_coverage.py::TestTransactionModels::test_transaction_input_model PASSED [ 10%]
tests/models/test_models_coverage.py::TestTransactionModels::test_transaction_output_model PASSED [ 10%]
tests/models/test_models_coverage.py::TestTransactionModels::test_utxo_model PASSED [ 10%]
tests/models/test_models_coverage.py::TestActionModels::test_action_model PASSED [ 10%]
tests/models/test_models_coverage.py::TestActionModels::test_action_result_model PASSED [ 10%]
tests/models/test_models_coverage.py::TestCertificateModels::test_certificate_model PASSED [ 10%]
tests/models/test_models_coverage.py::TestCertificateModels::test_certificate_field_model PASSED [ 10%]
tests/models/test_models_coverage.py::TestMerkleProofModels::test_merkle_path_model PASSED [ 10%]
tests/models/test_models_coverage.py::TestMerkleProofModels::test_merkle_proof_model PASSED [ 10%]
tests/models/test_models_coverage.py::TestModelValidation::test_model_required_fields PASSED [ 10%]
tests/models/test_models_coverage.py::TestModelValidation::test_model_field_types PASSED [ 10%]
tests/models/test_models_coverage.py::TestModelSerialization::test_model_to_dict PASSED [ 10%]
tests/models/test_models_coverage.py::TestModelSerialization::test_model_from_dict PASSED [ 10%]
tests/models/test_models_coverage.py::TestModelSerialization::test_model_to_json PASSED [ 10%]
tests/monitor/test_live_ingestor_whats_on_chain_poll.py::TestLiveIngestorWhatsOnChainPoll::test_listen_for_first_new_header SKIPPED [ 10%]
tests/monitor/test_monitor.py::TestMonitor::test_taskclock SKIPPED (...) [ 10%]
tests/monitor/test_monitor.py::TestMonitor::test_tasknewheader PASSED    [ 11%]
tests/monitor/test_monitor.py::TestMonitor::test_tasksendwaiting_success PASSED [ 11%]
tests/monitor/test_monitor.py::TestMonitor::test_taskcheckforproofs_success PASSED [ 11%]
tests/monitor/test_monitor.py::TestMonitor::test_taskcheckforproofs_fail PASSED [ 11%]
tests/monitor/test_monitor.py::TestMonitor::test_taskreviewstatus PASSED [ 11%]
tests/monitor/test_monitor.py::TestMonitor::test_processproventransaction PASSED [ 11%]
tests/monitor/test_monitor.py::TestMonitor::test_processbroadcastedtransactions PASSED [ 11%]
tests/monitor/test_tasks.py::TestTaskClock::test_task_clock_initialization PASSED [ 11%]
tests/monitor/test_tasks.py::TestTaskClock::test_task_clock_trigger_every_minute PASSED [ 11%]
tests/monitor/test_tasks.py::TestTaskClock::test_task_clock_run_task PASSED [ 11%]
tests/monitor/test_tasks.py::TestTaskNewHeader::test_task_new_header_initialization PASSED [ 11%]
tests/monitor/test_tasks.py::TestTaskNewHeader::test_task_new_header_trigger PASSED [ 11%]
tests/monitor/test_tasks.py::TestTaskNewHeader::test_task_new_header_run_task_no_header PASSED [ 11%]
tests/monitor/test_tasks.py::TestTaskNewHeader::test_task_new_header_run_task_with_header PASSED [ 11%]
tests/monitor/test_tasks.py::TestTaskNewHeader::test_task_new_header_run_task_triggers_proof_check PASSED [ 11%]
tests/monitor/test_tasks.py::TestTaskSendWaiting::test_task_send_waiting_initialization PASSED [ 11%]
tests/monitor/test_tasks.py::TestTaskSendWaiting::test_task_send_waiting_custom_params PASSED [ 11%]
tests/monitor/test_tasks.py::TestTaskSendWaiting::test_task_send_waiting_trigger_timing PASSED [ 11%]
tests/monitor/test_tasks.py::TestTaskSendWaiting::test_task_send_waiting_run_task_no_transactions PASSED [ 11%]
tests/monitor/test_tasks.py::TestTaskSendWaiting::test_task_send_waiting_run_task_with_transactions PASSED [ 11%]
tests/monitor/test_tasks.py::TestTaskSendWaiting::test_task_send_waiting_run_task_broadcast_failure PASSED [ 11%]
tests/monitor/test_tasks.py::TestTaskCheckForProofs::test_task_check_for_proofs_initialization PASSED [ 11%]
tests/monitor/test_tasks.py::TestTaskCheckForProofs::test_task_check_for_proofs_trigger PASSED [ 11%]
tests/monitor/test_tasks.py::TestTaskCheckForProofs::test_task_check_for_proofs_run_task PASSED [ 11%]
tests/monitor/test_tasks.py::TestTaskReviewStatus::test_task_review_status_initialization PASSED [ 11%]
tests/monitor/test_tasks.py::TestTaskReviewStatus::test_task_review_status_run_task PASSED [ 11%]
tests/monitor/test_tasks.py::TestTaskPurge::test_task_purge_initialization PASSED [ 11%]
tests/monitor/test_tasks.py::TestTaskPurge::test_task_purge_run_task PASSED [ 11%]
tests/monitor/test_tasks.py::TestTaskFailAbandoned::test_task_fail_abandoned_initialization PASSED [ 11%]
tests/monitor/test_tasks.py::TestTaskFailAbandoned::test_task_fail_abandoned_run_task PASSED [ 11%]
tests/monitor/test_tasks.py::TestTaskMonitorCallHistory::test_task_monitor_call_history_initialization PASSED [ 12%]
tests/monitor/test_tasks.py::TestTaskMonitorCallHistory::test_task_monitor_call_history_run_task PASSED [ 12%]
tests/monitor/test_tasks.py::TestTaskReorg::test_task_reorg_initialization PASSED [ 12%]
tests/monitor/test_tasks.py::TestTaskReorg::test_task_reorg_run_task PASSED [ 12%]
tests/monitor/test_tasks.py::TestTaskSyncWhenIdle::test_task_sync_when_idle_initialization PASSED [ 12%]
tests/monitor/test_tasks.py::TestTaskSyncWhenIdle::test_task_sync_when_idle_run_task PASSED [ 12%]
tests/monitor/test_tasks.py::TestTaskUnFail::test_task_un_fail_initialization PASSED [ 12%]
tests/monitor/test_tasks.py::TestTaskUnFail::test_task_un_fail_run_task PASSED [ 12%]
tests/permissions/test_permissions_coverage.py::TestPermissionManager::test_import_permission_manager PASSED [ 12%]
tests/permissions/test_permissions_coverage.py::TestPermissionManager::test_create_permission_manager PASSED [ 12%]
tests/permissions/test_permissions_coverage.py::TestPermissionChecking::test_check_permission PASSED [ 12%]
tests/permissions/test_permissions_coverage.py::TestPermissionChecking::test_grant_permission PASSED [ 12%]
tests/permissions/test_permissions_coverage.py::TestPermissionChecking::test_revoke_permission PASSED [ 12%]
tests/permissions/test_permissions_coverage.py::TestRoleManagement::test_assign_role PASSED [ 12%]
tests/permissions/test_permissions_coverage.py::TestRoleManagement::test_remove_role PASSED [ 12%]
tests/permissions/test_permissions_coverage.py::TestRoleManagement::test_get_user_roles PASSED [ 12%]
tests/permissions/test_permissions_coverage.py::TestPermissionGroups::test_create_permission_group PASSED [ 12%]
tests/permissions/test_permissions_coverage.py::TestPermissionGroups::test_add_user_to_group PASSED [ 12%]
tests/permissions/test_permissions_coverage.py::TestPermissionValidation::test_validate_permission_string PASSED [ 12%]
tests/permissions/test_permissions_coverage.py::TestPermissionValidation::test_parse_permission_string PASSED [ 12%]
tests/permissions/test_wallet_permissions_manager_callbacks.py::TestWalletPermissionsManagerCallbacks::test_bindcallback_should_register_multiple_callbacks_for_the_same_event_which_are_called_in_sequence PASSED [ 12%]
tests/permissions/test_wallet_permissions_manager_callbacks.py::TestWalletPermissionsManagerCallbacks::test_unbindcallback_by_numeric_id_should_prevent_the_callback_from_being_called_again PASSED [ 12%]
tests/permissions/test_wallet_permissions_manager_callbacks.py::TestWalletPermissionsManagerCallbacks::test_unbindcallback_by_function_reference_should_remove_the_callback PASSED [ 12%]
tests/permissions/test_wallet_permissions_manager_callbacks.py::TestWalletPermissionsManagerCallbacks::test_a_failing_callback_throwing_an_error_does_not_block_subsequent_callbacks PASSED [ 12%]
tests/permissions/test_wallet_permissions_manager_callbacks.py::TestWalletPermissionsManagerCallbacks::test_should_trigger_onprotocolpermissionrequested_with_correct_params_when_a_non_admin_domain_requests_a_protocol_operation PASSED [ 12%]
tests/permissions/test_wallet_permissions_manager_callbacks.py::TestWalletPermissionsManagerCallbacks::test_should_resolve_the_original_caller_promise_when_requests_are_granted PASSED [ 12%]
tests/permissions/test_wallet_permissions_manager_callbacks.py::TestWalletPermissionsManagerCallbacks::test_should_reject_the_original_caller_promise_when_permission_is_denied PASSED [ 12%]
tests/permissions/test_wallet_permissions_manager_callbacks.py::TestWalletPermissionsManagerCallbacks::test_multiple_pending_requests_for_the_same_resource_should_trigger_only_one_onxxxrequested_callback SKIPPED [ 12%]
tests/permissions/test_wallet_permissions_manager_callbacks.py::TestWalletPermissionsManagerCallbacks::test_multiple_pending_requests_for_different_resources_should_trigger_separate_onxxxrequested_callbacks SKIPPED [ 12%]
tests/permissions/test_wallet_permissions_manager_checks.py::TestWalletPermissionsManagerChecks::test_should_skip_permission_prompt_if_seclevel_0_open_usage PASSED [ 12%]
tests/permissions/test_wallet_permissions_manager_checks.py::TestWalletPermissionsManagerChecks::test_should_prompt_for_protocol_usage_if_securitylevel_1_and_no_existing_token PASSED [ 13%]
tests/permissions/test_wallet_permissions_manager_checks.py::TestWalletPermissionsManagerChecks::test_should_deny_protocol_usage_if_user_denies_permission PASSED [ 13%]
tests/permissions/test_wallet_permissions_manager_checks.py::TestWalletPermissionsManagerChecks::test_should_enforce_privileged_token_if_differentiateprivilegedoperations_true PASSED [ 13%]
tests/permissions/test_wallet_permissions_manager_checks.py::TestWalletPermissionsManagerChecks::test_should_ignore_privileged_true_if_differentiateprivilegedoperations_false PASSED [ 13%]
tests/permissions/test_wallet_permissions_manager_checks.py::TestWalletPermissionsManagerChecks::test_should_fail_if_protocol_name_is_admin_reserved_and_caller_is_not_admin PASSED [ 13%]
tests/permissions/test_wallet_permissions_manager_checks.py::TestWalletPermissionsManagerChecks::test_should_prompt_for_renewal_if_token_is_found_but_expired PASSED [ 13%]
tests/permissions/test_wallet_permissions_manager_checks.py::TestWalletPermissionsManagerChecks::test_should_fail_immediately_if_using_an_admin_only_basket_as_non_admin PASSED [ 13%]
tests/permissions/test_wallet_permissions_manager_checks.py::TestWalletPermissionsManagerChecks::test_should_fail_immediately_if_using_the_reserved_basket_default_as_non_admin PASSED [ 13%]
tests/permissions/test_wallet_permissions_manager_checks.py::TestWalletPermissionsManagerChecks::test_should_prompt_for_insertion_permission_if_seekbasketinsertionpermissions_true PASSED [ 13%]
tests/permissions/test_wallet_permissions_manager_checks.py::TestWalletPermissionsManagerChecks::test_should_skip_insertion_permission_if_seekbasketinsertionpermissions_false PASSED [ 13%]
tests/permissions/test_wallet_permissions_manager_checks.py::TestWalletPermissionsManagerChecks::test_should_require_listing_permission_if_seekbasketlistingpermissions_true_and_no_token PASSED [ 13%]
tests/permissions/test_wallet_permissions_manager_checks.py::TestWalletPermissionsManagerChecks::test_should_prompt_for_removal_permission_if_seekbasketremovalpermissions_true PASSED [ 13%]
tests/permissions/test_wallet_permissions_manager_checks.py::TestWalletPermissionsManagerChecks::test_should_skip_certificate_disclosure_permission_if_config_seekcertificatedisclosurepermissions_false PASSED [ 13%]
tests/permissions/test_wallet_permissions_manager_checks.py::TestWalletPermissionsManagerChecks::test_should_require_permission_if_seekcertificatedisclosurepermissions_true_no_valid_token PASSED [ 13%]
tests/permissions/test_wallet_permissions_manager_checks.py::TestWalletPermissionsManagerChecks::test_should_check_that_requested_fields_are_a_subset_of_the_tokens_fields PASSED [ 13%]
tests/permissions/test_wallet_permissions_manager_checks.py::TestWalletPermissionsManagerChecks::test_should_prompt_for_renewal_if_token_is_expired_cert PASSED [ 13%]
tests/permissions/test_wallet_permissions_manager_checks.py::TestWalletPermissionsManagerChecks::test_should_skip_if_seekspendingpermissions_false PASSED [ 13%]
tests/permissions/test_wallet_permissions_manager_checks.py::TestWalletPermissionsManagerChecks::test_should_require_spending_token_if_netspent_gt_0_and_seekspendingpermissions_true PASSED [ 13%]
tests/permissions/test_wallet_permissions_manager_checks.py::TestWalletPermissionsManagerChecks::test_should_check_monthly_limit_usage_and_prompt_renewal_if_insufficient PASSED [ 13%]
tests/permissions/test_wallet_permissions_manager_checks.py::TestWalletPermissionsManagerChecks::test_should_pass_if_usage_plus_new_spend_is_within_the_monthly_limit PASSED [ 13%]
tests/permissions/test_wallet_permissions_manager_checks.py::TestWalletPermissionsManagerChecks::test_should_fail_if_label_starts_with_admin PASSED [ 13%]
tests/permissions/test_wallet_permissions_manager_checks.py::TestWalletPermissionsManagerChecks::test_should_skip_label_permission_if_seekpermissionwhenapplyingactionlabels_false PASSED [ 13%]
tests/permissions/test_wallet_permissions_manager_checks.py::TestWalletPermissionsManagerChecks::test_should_prompt_for_label_usage_if_seekpermissionwhenapplyingactionlabels_true PASSED [ 13%]
tests/permissions/test_wallet_permissions_manager_checks.py::TestWalletPermissionsManagerChecks::test_should_also_prompt_for_listing_actions_by_label_if_seekpermissionwhenlistingactionsbylabel_true PASSED [ 13%]
tests/permissions/test_wallet_permissions_manager_encryption.py::TestWalletPermissionsManagerEncryptionHelpers::test_should_call_underlying_encrypt_with_correct_protocol_and_key_when_encryptwalletmetadata_true PASSED [ 13%]
tests/permissions/test_wallet_permissions_manager_encryption.py::TestWalletPermissionsManagerEncryptionHelpers::test_should_not_call_underlying_encrypt_if_encryptwalletmetadata_false PASSED [ 13%]
tests/permissions/test_wallet_permissions_manager_encryption.py::TestWalletPermissionsManagerEncryptionHelpers::test_should_call_underlying_decrypt_with_correct_protocol_and_key_returning_plaintext_on_success PASSED [ 13%]
tests/permissions/test_wallet_permissions_manager_encryption.py::TestWalletPermissionsManagerEncryptionHelpers::test_should_fallback_to_original_string_if_underlying_decrypt_fails PASSED [ 13%]
tests/permissions/test_wallet_permissions_manager_encryption.py::TestWalletPermissionsManagerEncryptionIntegration::test_should_encrypt_metadata_fields_in_createaction_when_encryptwalletmetadata_true_then_decrypt_them_in_listactions PASSED [ 13%]
tests/permissions/test_wallet_permissions_manager_encryption.py::TestWalletPermissionsManagerEncryptionIntegration::test_should_not_encrypt_metadata_if_encryptwalletmetadata_false_storing_and_retrieving_plaintext PASSED [ 13%]
tests/permissions/test_wallet_permissions_manager_encryption.py::TestWalletPermissionsManagerListOutputsDecryption::test_should_decrypt_custominstructions_in_listoutputs_if_encryptwalletmetadata_true PASSED [ 14%]
tests/permissions/test_wallet_permissions_manager_encryption.py::TestWalletPermissionsManagerListOutputsDecryption::test_should_fallback_to_the_original_ciphertext_if_decrypt_fails_in_listoutputs PASSED [ 14%]
tests/permissions/test_wallet_permissions_manager_flows.py::TestWalletPermissionsManagerFlows::test_should_coalesce_parallel_requests_for_the_same_resource_into_a_single_user_prompt PASSED [ 14%]
tests/permissions/test_wallet_permissions_manager_flows.py::TestWalletPermissionsManagerFlows::test_should_generate_two_distinct_user_prompts_for_two_different_permission_requests PASSED [ 14%]
tests/permissions/test_wallet_permissions_manager_flows.py::TestWalletPermissionsManagerFlows::test_should_resolve_all_parallel_requests_when_permission_is_granted_referencing_the_same_requestid PASSED [ 14%]
tests/permissions/test_wallet_permissions_manager_flows.py::TestWalletPermissionsManagerFlows::test_should_reject_only_the_matching_request_queue_on_deny_if_requestid_is_specified PASSED [ 14%]
tests/permissions/test_wallet_permissions_manager_flows.py::TestWalletPermissionsManagerFlows::test_should_not_create_a_token_if_ephemeral_true_so_subsequent_calls_re_trigger_the_request PASSED [ 14%]
tests/permissions/test_wallet_permissions_manager_flows.py::TestWalletPermissionsManagerFlows::test_should_create_a_token_if_ephemeral_false_so_subsequent_calls_do_not_re_trigger_if_unexpired PASSED [ 14%]
tests/permissions/test_wallet_permissions_manager_flows.py::TestWalletPermissionsManagerFlows::test_should_handle_renewal_if_the_found_token_is_expired_passing_previoustoken_in_the_request PASSED [ 14%]
tests/permissions/test_wallet_permissions_manager_initialization.py::TestWalletPermissionsManagerInitialization::test_should_initialize_with_default_config_if_none_is_provided PASSED [ 14%]
tests/permissions/test_wallet_permissions_manager_initialization.py::TestWalletPermissionsManagerInitialization::test_should_initialize_with_partial_config_overrides_merging_with_defaults PASSED [ 14%]
tests/permissions/test_wallet_permissions_manager_initialization.py::TestWalletPermissionsManagerInitialization::test_should_initialize_with_all_config_flags_set_to_false PASSED [ 14%]
tests/permissions/test_wallet_permissions_manager_initialization.py::TestWalletPermissionsManagerInitialization::test_should_consider_calls_from_the_adminoriginator_as_admin_bypassing_checks PASSED [ 14%]
tests/permissions/test_wallet_permissions_manager_initialization.py::TestWalletPermissionsManagerInitialization::test_should_skip_protocol_permission_checks_for_signing_if_seekprotocolpermissionsforsigning_false PASSED [ 14%]
tests/permissions/test_wallet_permissions_manager_initialization.py::TestWalletPermissionsManagerInitialization::test_should_enforce_protocol_permission_checks_for_signing_if_seekprotocolpermissionsforsigning_true PASSED [ 14%]
tests/permissions/test_wallet_permissions_manager_initialization.py::TestWalletPermissionsManagerInitialization::test_should_skip_basket_insertion_permission_checks_if_seekbasketinsertionpermissions_false PASSED [ 14%]
tests/permissions/test_wallet_permissions_manager_initialization.py::TestWalletPermissionsManagerInitialization::test_should_skip_certificate_disclosure_permission_checks_if_seekcertificatedisclosurepermissions_false PASSED [ 14%]
tests/permissions/test_wallet_permissions_manager_initialization.py::TestWalletPermissionsManagerInitialization::test_should_skip_metadata_encryption_if_encryptwalletmetadata_false PASSED [ 14%]
tests/permissions/test_wallet_permissions_manager_proxying.py::TestWalletPermissionsManagerProxying::test_should_pass_createaction_calls_through_label_them_handle_metadata_encryption_and_check_spending_authorization PASSED [ 14%]
tests/permissions/test_wallet_permissions_manager_proxying.py::TestWalletPermissionsManagerProxying::test_should_abort_the_action_if_spending_permission_is_denied PASSED [ 14%]
tests/permissions/test_wallet_permissions_manager_proxying.py::TestWalletPermissionsManagerProxying::test_should_throw_an_error_if_a_non_admin_tries_signandprocess_true PASSED [ 14%]
tests/permissions/test_wallet_permissions_manager_proxying.py::TestWalletPermissionsManagerProxying::test_should_proxy_signaction_calls_directly_if_invoked_by_the_user PASSED [ 14%]
tests/permissions/test_wallet_permissions_manager_proxying.py::TestWalletPermissionsManagerProxying::test_should_proxy_abortaction_calls_directly PASSED [ 14%]
tests/permissions/test_wallet_permissions_manager_proxying.py::TestWalletPermissionsManagerProxying::test_should_call_listactions_on_the_underlying_wallet_and_decrypt_metadata_fields_if_encryptwalletmetadata_true PASSED [ 14%]
tests/permissions/test_wallet_permissions_manager_proxying.py::TestWalletPermissionsManagerProxying::test_should_pass_internalizeaction_calls_to_underlying_after_ensuring_basket_permissions_and_encrypting_custominstructions_if_config_on PASSED [ 14%]
tests/permissions/test_wallet_permissions_manager_proxying.py::TestWalletPermissionsManagerProxying::test_should_ensure_basket_listing_permission_then_call_listoutputs_decrypting_custominstructions PASSED [ 14%]
tests/permissions/test_wallet_permissions_manager_proxying.py::TestWalletPermissionsManagerProxying::test_should_ensure_basket_removal_permission_then_call_relinquishoutput PASSED [ 14%]
tests/permissions/test_wallet_permissions_manager_proxying.py::TestWalletPermissionsManagerProxying::test_should_call_getpublickey_on_underlying_after_ensuring_protocol_permission PASSED [ 14%]
tests/permissions/test_wallet_permissions_manager_proxying.py::TestWalletPermissionsManagerProxying::test_should_call_revealcounterpartykeylinkage_with_permission_check_pass_result PASSED [ 14%]
tests/permissions/test_wallet_permissions_manager_proxying.py::TestWalletPermissionsManagerProxying::test_should_call_revealspecifickeylinkage_with_permission_check_pass_result PASSED [ 15%]
tests/permissions/test_wallet_permissions_manager_proxying.py::TestWalletPermissionsManagerProxying::test_should_proxy_encrypt_calls_after_checking_protocol_permission PASSED [ 15%]
tests/permissions/test_wallet_permissions_manager_proxying.py::TestWalletPermissionsManagerProxying::test_should_proxy_decrypt_calls_after_checking_protocol_permission PASSED [ 15%]
tests/permissions/test_wallet_permissions_manager_proxying.py::TestWalletPermissionsManagerProxying::test_should_proxy_createhmac_calls PASSED [ 15%]
tests/permissions/test_wallet_permissions_manager_proxying.py::TestWalletPermissionsManagerProxying::test_should_proxy_verifyhmac_calls PASSED [ 15%]
tests/permissions/test_wallet_permissions_manager_proxying.py::TestWalletPermissionsManagerProxying::test_should_proxy_createsignature_calls_already_tested_the_netspent_logic_in_createaction_but_lets_double_check PASSED [ 15%]
tests/permissions/test_wallet_permissions_manager_proxying.py::TestWalletPermissionsManagerProxying::test_should_proxy_verifysignature_calls PASSED [ 15%]
tests/permissions/test_wallet_permissions_manager_proxying.py::TestWalletPermissionsManagerProxying::test_should_call_acquirecertificate_verifying_permission_if_config_seekcertificateacquisitionpermissions_true PASSED [ 15%]
tests/permissions/test_wallet_permissions_manager_proxying.py::TestWalletPermissionsManagerProxying::test_should_call_listcertificates_verifying_permission_if_config_seekcertificatelistingpermissions_true PASSED [ 15%]
tests/permissions/test_wallet_permissions_manager_proxying.py::TestWalletPermissionsManagerProxying::test_should_call_provecertificate_after_ensuring_certificate_permission PASSED [ 15%]
tests/permissions/test_wallet_permissions_manager_proxying.py::TestWalletPermissionsManagerProxying::test_should_call_relinquishcertificate_if_config_seekcertificaterelinquishmentpermissions_true PASSED [ 15%]
tests/permissions/test_wallet_permissions_manager_proxying.py::TestWalletPermissionsManagerProxying::test_should_call_discoverbyidentitykey_after_ensuring_identity_resolution_permission PASSED [ 15%]
tests/permissions/test_wallet_permissions_manager_proxying.py::TestWalletPermissionsManagerProxying::test_should_call_discoverbyattributes_after_ensuring_identity_resolution_permission PASSED [ 15%]
tests/permissions/test_wallet_permissions_manager_proxying.py::TestWalletPermissionsManagerProxying::test_should_proxy_isauthenticated_without_any_special_permission_checks PASSED [ 15%]
tests/permissions/test_wallet_permissions_manager_proxying.py::TestWalletPermissionsManagerProxying::test_should_proxy_waitforauthentication_without_any_special_permission_checks PASSED [ 15%]
tests/permissions/test_wallet_permissions_manager_proxying.py::TestWalletPermissionsManagerProxying::test_should_proxy_getheight PASSED [ 15%]
tests/permissions/test_wallet_permissions_manager_proxying.py::TestWalletPermissionsManagerProxying::test_should_proxy_getheaderforheight PASSED [ 15%]
tests/permissions/test_wallet_permissions_manager_proxying.py::TestWalletPermissionsManagerProxying::test_should_proxy_getnetwork PASSED [ 15%]
tests/permissions/test_wallet_permissions_manager_proxying.py::TestWalletPermissionsManagerProxying::test_should_proxy_getversion PASSED [ 15%]
tests/permissions/test_wallet_permissions_manager_proxying.py::TestWalletPermissionsManagerProxying::test_should_propagate_errors_from_the_underlying_wallet_calls PASSED [ 15%]
tests/permissions/test_wallet_permissions_manager_tokens.py::TestWalletPermissionsManagerTokens::test_should_build_correct_fields_for_a_protocol_token_dpacp SKIPPED [ 15%]
tests/permissions/test_wallet_permissions_manager_tokens.py::TestWalletPermissionsManagerTokens::test_should_build_correct_fields_for_a_basket_token_dbap SKIPPED [ 15%]
tests/permissions/test_wallet_permissions_manager_tokens.py::TestWalletPermissionsManagerTokens::test_should_build_correct_fields_for_a_certificate_token_dcap SKIPPED [ 15%]
tests/permissions/test_wallet_permissions_manager_tokens.py::TestWalletPermissionsManagerTokens::test_should_build_correct_fields_for_a_spending_token_dsap SKIPPED [ 15%]
tests/permissions/test_wallet_permissions_manager_tokens.py::TestWalletPermissionsManagerTokens::test_should_create_a_new_protocol_token_with_the_correct_basket_script_and_tags SKIPPED [ 15%]
tests/permissions/test_wallet_permissions_manager_tokens.py::TestWalletPermissionsManagerTokens::test_should_create_a_new_basket_token_dbap SKIPPED [ 15%]
tests/permissions/test_wallet_permissions_manager_tokens.py::TestWalletPermissionsManagerTokens::test_should_create_a_new_certificate_token_dcap SKIPPED [ 15%]
tests/permissions/test_wallet_permissions_manager_tokens.py::TestWalletPermissionsManagerTokens::test_should_create_a_new_spending_authorization_token_dsap SKIPPED [ 15%]
tests/permissions/test_wallet_permissions_manager_tokens.py::TestWalletPermissionsManagerTokens::test_should_spend_the_old_token_input_and_create_a_new_protocol_token_output_with_updated_expiry SKIPPED [ 15%]
tests/permissions/test_wallet_permissions_manager_tokens.py::TestWalletPermissionsManagerTokens::test_should_allow_updating_the_authorizedamount_in_dsap_renewal SKIPPED [ 15%]
tests/permissions/test_wallet_permissions_manager_tokens.py::TestWalletPermissionsManagerTokens::test_should_create_a_transaction_that_consumes_spends_the_old_token_with_no_new_outputs SKIPPED [ 16%]
tests/permissions/test_wallet_permissions_manager_tokens.py::TestWalletPermissionsManagerTokens::test_should_remove_the_old_token_from_listing_after_revocation SKIPPED [ 16%]
tests/rpc/test_json_rpc_client_coverage.py::TestJsonRpcError::test_json_rpc_error_creation PASSED [ 16%]
tests/rpc/test_json_rpc_client_coverage.py::TestJsonRpcError::test_json_rpc_error_without_data PASSED [ 16%]
tests/rpc/test_json_rpc_client_coverage.py::TestJsonRpcClient::test_client_creation PASSED [ 16%]
tests/rpc/test_json_rpc_client_coverage.py::TestJsonRpcClient::test_client_context_manager PASSED [ 16%]
tests/rpc/test_json_rpc_client_coverage.py::TestJsonRpcClient::test_get_next_id_thread_safe PASSED [ 16%]
tests/rpc/test_json_rpc_client_coverage.py::TestJsonRpcClient::test_rpc_call_success PASSED [ 16%]
tests/rpc/test_json_rpc_client_coverage.py::TestJsonRpcClient::test_rpc_call_with_error_response PASSED [ 16%]
tests/rpc/test_json_rpc_client_coverage.py::TestJsonRpcClient::test_rpc_call_network_error PASSED [ 16%]
tests/rpc/test_json_rpc_client_coverage.py::TestJsonRpcClient::test_rpc_call_timeout PASSED [ 16%]
tests/rpc/test_json_rpc_client_coverage.py::TestJsonRpcClient::test_is_available PASSED [ 16%]
tests/rpc/test_json_rpc_client_coverage.py::TestJsonRpcClient::test_make_available PASSED [ 16%]
tests/rpc/test_json_rpc_client_coverage.py::TestJsonRpcClient::test_get_services PASSED [ 16%]
tests/rpc/test_json_rpc_client_coverage.py::TestJsonRpcClient::test_get_settings PASSED [ 16%]
tests/rpc/test_json_rpc_client_coverage.py::TestJsonRpcClient::test_create_action PASSED [ 16%]
tests/rpc/test_json_rpc_client_coverage.py::TestJsonRpcClient::test_list_actions PASSED [ 16%]
tests/rpc/test_json_rpc_client_coverage.py::TestJsonRpcClient::test_abort_action PASSED [ 16%]
tests/rpc/test_json_rpc_client_coverage.py::TestJsonRpcClient::test_internalize_action PASSED [ 16%]
tests/rpc/test_json_rpc_client_coverage.py::TestJsonRpcClient::test_list_certificates PASSED [ 16%]
tests/rpc/test_json_rpc_client_coverage.py::TestJsonRpcClient::test_list_outputs PASSED [ 16%]
tests/rpc/test_json_rpc_client_coverage.py::TestJsonRpcClient::test_close_session PASSED [ 16%]
tests/rpc/test_json_rpc_client_coverage.py::TestJsonRpcClient::test_rpc_call_includes_auth_headers PASSED [ 16%]
tests/rpc/test_json_rpc_server_coverage.py::TestJsonRpcServerInitialization::test_server_creation_basic PASSED [ 16%]
tests/rpc/test_json_rpc_server_coverage.py::TestJsonRpcServerInitialization::test_server_with_wallet PASSED [ 16%]
tests/rpc/test_json_rpc_server_coverage.py::TestJsonRpcServerInitialization::test_server_with_port PASSED [ 16%]
tests/rpc/test_json_rpc_server_coverage.py::TestJsonRpcServerMethods::test_handle_request_basic PASSED [ 16%]
tests/rpc/test_json_rpc_server_coverage.py::TestJsonRpcServerMethods::test_handle_invalid_request PASSED [ 16%]
tests/rpc/test_json_rpc_server_coverage.py::TestJsonRpcServerMethods::test_register_method PASSED [ 16%]
tests/rpc/test_json_rpc_server_coverage.py::TestJsonRpcServerMethods::test_start_server PASSED [ 16%]
tests/rpc/test_json_rpc_server_coverage.py::TestJsonRpcServerMethods::test_stop_server PASSED [ 17%]
tests/rpc/test_json_rpc_server_coverage.py::TestJsonRpcError::test_json_rpc_error_creation PASSED [ 17%]
tests/rpc/test_json_rpc_server_coverage.py::TestJsonRpcError::test_json_rpc_error_with_data PASSED [ 17%]
tests/rpc/test_json_rpc_server_coverage.py::TestJsonRpcServerMethodHandling::test_handle_getbalance_method PASSED [ 17%]
tests/rpc/test_json_rpc_server_coverage.py::TestJsonRpcServerMethodHandling::test_handle_createaction_method PASSED [ 17%]
tests/rpc/test_json_rpc_server_coverage.py::TestJsonRpcServerMethodHandling::test_handle_unknown_method PASSED [ 17%]
tests/rpc/test_json_rpc_server_coverage.py::TestJsonRpcServerBatchRequests::test_handle_batch_request PASSED [ 17%]
tests/rpc/test_json_rpc_server_coverage.py::TestJsonRpcServerBatchRequests::test_handle_empty_batch PASSED [ 17%]
tests/rpc/test_json_rpc_server_coverage.py::TestJsonRpcServerConfiguration::test_server_with_host_and_port PASSED [ 17%]
tests/rpc/test_json_rpc_server_coverage.py::TestJsonRpcServerConfiguration::test_server_with_ssl_config PASSED [ 17%]
tests/rpc/test_json_rpc_server_coverage.py::TestJsonRpcServerConfiguration::test_server_with_authentication PASSED [ 17%]
tests/rpc/test_json_rpc_server_coverage.py::TestJsonRpcServerEdgeCases::test_malformed_json_request PASSED [ 17%]
tests/rpc/test_json_rpc_server_coverage.py::TestJsonRpcServerEdgeCases::test_missing_required_fields PASSED [ 17%]
tests/rpc/test_json_rpc_server_coverage.py::TestJsonRpcServerEdgeCases::test_concurrent_requests PASSED [ 17%]
tests/services/test_arc_provider_coverage.py::TestArcProviderInitialization::test_arc_provider_creation PASSED [ 17%]
tests/services/test_arc_provider_coverage.py::TestArcProviderInitialization::test_arc_provider_without_api_key PASSED [ 17%]
tests/services/test_arc_provider_coverage.py::TestArcProviderMethods::test_post_beef_success PASSED [ 17%]
tests/services/test_arc_provider_coverage.py::TestArcProviderMethods::test_post_beef_error PASSED [ 17%]
tests/services/test_arc_provider_coverage.py::TestArcProviderMethods::test_get_transaction_status PASSED [ 17%]
tests/services/test_arc_provider_coverage.py::TestArcProviderErrorHandling::test_arc_provider_network_error PASSED [ 17%]
tests/services/test_arc_provider_coverage.py::TestArcProviderErrorHandling::test_arc_provider_timeout PASSED [ 17%]
tests/services/test_arc_services.py::TestArcServices::test_arc_services_placeholder PASSED [ 17%]
tests/services/test_arc_services.py::TestArcServices::test_arc_services_initialization_invalid_config PASSED [ 17%]
tests/services/test_arc_services.py::TestArcServices::test_arc_services_initialization_valid_config PASSED [ 17%]
tests/services/test_arc_services.py::TestArcServices::test_arc_post_beef_invalid_beef_data PASSED [ 17%]
tests/services/test_arc_services.py::TestArcServices::test_arc_post_beef_network_failures PASSED [ 17%]
tests/services/test_arc_services.py::TestArcServices::test_arc_post_beef_authentication_failures PASSED [ 17%]
tests/services/test_arc_services.py::TestArcServices::test_arc_post_beef_rate_limiting PASSED [ 17%]
tests/services/test_arc_services.py::TestArcServices::test_arc_post_beef_success_responses PASSED [ 17%]
tests/services/test_arc_services.py::TestArcServices::test_arc_post_beef_malformed_requests PASSED [ 18%]
tests/services/test_arc_services.py::TestArcServices::test_arc_post_beef_double_spend_handling PASSED [ 18%]
tests/services/test_arc_services.py::TestArcServices::test_arc_post_beef_insufficient_funds PASSED [ 18%]
tests/services/test_arc_services.py::TestArcServices::test_arc_post_beef_transaction_rejected PASSED [ 18%]
tests/services/test_arc_services.py::TestArcServices::test_arc_post_beef_connection_error PASSED [ 18%]
tests/services/test_arc_services.py::TestArcServices::test_arc_services_provider_fallback PASSED [ 18%]
tests/services/test_arc_services.py::TestArcServices::test_arc_post_beef_array_invalid_inputs PASSED [ 18%]
tests/services/test_arc_services.py::TestArcServices::test_arc_post_beef_array_empty_list PASSED [ 18%]
tests/services/test_arc_services.py::TestArcServices::test_arc_post_beef_array_partial_failures PASSED [ 18%]
tests/services/test_arc_services.py::TestArcServices::test_arc_services_large_payload_handling PASSED [ 18%]
tests/services/test_bitails_provider_coverage.py::TestBitailsProviderInitialization::test_provider_creation PASSED [ 18%]
tests/services/test_bitails_provider_coverage.py::TestBitailsProviderInitialization::test_provider_with_auth PASSED [ 18%]
tests/services/test_bitails_provider_coverage.py::TestBitailsProviderMethods::test_get_script_history PASSED [ 18%]
tests/services/test_bitails_provider_coverage.py::TestBitailsProviderMethods::test_get_utxo_status PASSED [ 18%]
tests/services/test_bitails_provider_coverage.py::TestBitailsProviderMethods::test_post_beef PASSED [ 18%]
tests/services/test_bitails_provider_coverage.py::TestBitailsErrorHandling::test_provider_invalid_response PASSED [ 18%]
tests/services/test_cache_manager_coverage.py::TestCacheEntry::test_cache_entry_creation PASSED [ 18%]
tests/services/test_cache_manager_coverage.py::TestCacheEntry::test_cache_entry_not_expired PASSED [ 18%]
tests/services/test_cache_manager_coverage.py::TestCacheEntry::test_cache_entry_expired PASSED [ 18%]
tests/services/test_cache_manager_coverage.py::TestCacheEntry::test_cache_entry_with_different_types PASSED [ 18%]
tests/services/test_cache_manager_coverage.py::TestCacheManager::test_cache_manager_creation PASSED [ 18%]
tests/services/test_cache_manager_coverage.py::TestCacheManager::test_set_and_get_value PASSED [ 18%]
tests/services/test_cache_manager_coverage.py::TestCacheManager::test_get_nonexistent_key PASSED [ 18%]
tests/services/test_cache_manager_coverage.py::TestCacheManager::test_get_expired_value PASSED [ 18%]
tests/services/test_cache_manager_coverage.py::TestCacheManager::test_overwrite_existing_key PASSED [ 18%]
tests/services/test_cache_manager_coverage.py::TestCacheManager::test_clear_specific_key PASSED [ 18%]
tests/services/test_cache_manager_coverage.py::TestCacheManager::test_clear_nonexistent_key PASSED [ 18%]
tests/services/test_cache_manager_coverage.py::TestCacheManager::test_clear_all PASSED [ 18%]
tests/services/test_cache_manager_coverage.py::TestCacheManager::test_has_valid_key PASSED [ 18%]
tests/services/test_cache_manager_coverage.py::TestCacheManager::test_has_nonexistent_key PASSED [ 18%]
tests/services/test_cache_manager_coverage.py::TestCacheManager::test_has_expired_key PASSED [ 19%]
tests/services/test_cache_manager_coverage.py::TestCacheManager::test_cache_with_dict_values PASSED [ 19%]
tests/services/test_cache_manager_coverage.py::TestCacheManager::test_cache_with_list_values PASSED [ 19%]
tests/services/test_cache_manager_coverage.py::TestCacheManager::test_multiple_keys_different_ttls PASSED [ 19%]
tests/services/test_cache_manager_coverage.py::TestCacheManager::test_cache_manager_with_complex_types PASSED [ 19%]
tests/services/test_cache_manager_coverage.py::TestCacheManager::test_zero_ttl PASSED [ 19%]
tests/services/test_exchange_rates.py::TestExchangeRates::test_update_exchange_rates_for_multiple_currencies SKIPPED [ 19%]
tests/services/test_exchange_rates.py::TestExchangeRates::test_update_exchange_rates_invalid_currencies PASSED [ 19%]
tests/services/test_exchange_rates.py::TestExchangeRates::test_update_exchange_rates_network_failures PASSED [ 19%]
tests/services/test_exchange_rates.py::TestExchangeRates::test_update_exchange_rates_success_responses PASSED [ 19%]
tests/services/test_exchange_rates.py::TestExchangeRates::test_update_exchange_rates_empty_currency_list PASSED [ 19%]
tests/services/test_exchange_rates.py::TestExchangeRates::test_update_exchange_rates_single_currency PASSED [ 19%]
tests/services/test_exchange_rates.py::TestExchangeRates::test_update_exchange_rates_case_sensitivity PASSED [ 19%]
tests/services/test_exchange_rates.py::TestExchangeRates::test_update_exchange_rates_invalid_api_key PASSED [ 19%]
tests/services/test_exchange_rates.py::TestExchangeRates::test_update_exchange_rates_malformed_response_handling PASSED [ 19%]
tests/services/test_exchange_rates.py::TestExchangeRates::test_update_exchange_rates_timeout_handling PASSED [ 19%]
tests/services/test_exchange_rates.py::TestExchangeRates::test_update_exchange_rates_rate_limiting_handling PASSED [ 19%]
tests/services/test_exchange_rates.py::TestExchangeRates::test_update_exchange_rates_connection_error_handling PASSED [ 19%]
tests/services/test_exchange_rates.py::TestExchangeRates::test_update_exchange_rates_duplicate_currencies PASSED [ 19%]
tests/services/test_exchange_rates.py::TestExchangeRates::test_update_exchange_rates_too_many_currencies PASSED [ 19%]
tests/services/test_get_chain_tracker.py::test_get_chain_tracker_basic_functionality PASSED [ 19%]
tests/services/test_get_chain_tracker.py::test_get_chain_tracker_multiple_calls PASSED [ 19%]
tests/services/test_get_chain_tracker.py::test_get_chain_tracker_different_chains PASSED [ 19%]
tests/services/test_get_chain_tracker.py::test_get_chain_tracker_with_custom_options PASSED [ 19%]
tests/services/test_get_chain_tracker.py::test_get_chain_tracker_error_handling PASSED [ 19%]
tests/services/test_get_chain_tracker.py::test_get_chain_tracker_interface_validation PASSED [ 19%]
tests/services/test_get_chain_tracker.py::test_get_chain_tracker_configuration_persistence PASSED [ 19%]
tests/services/test_get_chain_tracker.py::test_get_chain_tracker_network_operations PASSED [ 19%]
tests/services/test_get_chain_tracker.py::test_get_chain_tracker_subscription_management PASSED [ 19%]
tests/services/test_get_chain_tracker.py::test_get_chain_tracker_header_operations PASSED [ 19%]
tests/services/test_get_chain_tracker.py::test_get_chain_tracker_service_integration PASSED [ 20%]
tests/services/test_get_chain_tracker.py::test_get_chain_tracker_reorg_handling PASSED [ 20%]
tests/services/test_get_chain_tracker.py::test_get_chain_tracker_initialization_edge_cases PASSED [ 20%]
tests/services/test_get_chain_tracker.py::test_get_chain_tracker_memory_management PASSED [ 20%]
tests/services/test_get_chain_tracker.py::test_get_chain_tracker_error_recovery PASSED [ 20%]
tests/services/test_get_chain_tracker.py::test_get_chain_tracker_placeholder PASSED [ 20%]
tests/services/test_get_merkle_path.py::TestGetMerklePath::test_get_merkle_path SKIPPED [ 20%]
tests/services/test_get_merkle_path.py::TestGetMerklePath::test_get_merkle_path_invalid_txid_formats PASSED [ 20%]
tests/services/test_get_merkle_path.py::TestGetMerklePath::test_get_merkle_path_network_failure_500 PASSED [ 20%]
tests/services/test_get_merkle_path.py::TestGetMerklePath::test_get_merkle_path_network_timeout PASSED [ 20%]
tests/services/test_get_merkle_path.py::TestGetMerklePath::test_get_merkle_path_rate_limiting_429 PASSED [ 20%]
tests/services/test_get_merkle_path.py::TestGetMerklePath::test_get_merkle_path_transaction_not_found_404 PASSED [ 20%]
tests/services/test_get_merkle_path.py::TestGetMerklePath::test_get_merkle_path_malformed_response PASSED [ 20%]
tests/services/test_get_merkle_path.py::TestGetMerklePath::test_get_merkle_path_connection_error PASSED [ 20%]
tests/services/test_get_merkle_path.py::TestGetMerklePath::test_get_merkle_path_provider_fallback PASSED [ 20%]
tests/services/test_get_merkle_path.py::TestGetMerklePath::test_get_merkle_path_success_response PASSED [ 20%]
tests/services/test_get_merkle_path.py::TestGetMerklePath::test_get_merkle_path_different_chains PASSED [ 20%]
tests/services/test_get_merkle_path.py::TestGetMerklePath::test_get_merkle_path_large_response_handling PASSED [ 20%]
tests/services/test_get_merkle_path.py::TestGetMerklePath::test_get_merkle_path_unicode_txid_handling PASSED [ 20%]
tests/services/test_get_merkle_path.py::TestGetMerklePath::test_get_merkle_path_empty_path_response PASSED [ 20%]
tests/services/test_get_merkle_path.py::TestGetMerklePath::test_get_merkle_path_multiple_providers_fallback PASSED [ 20%]
tests/services/test_get_raw_tx.py::TestGetRawTx::test_get_raw_tx PASSED  [ 20%]
tests/services/test_get_raw_tx.py::TestGetRawTx::test_get_raw_tx_invalid_txid_formats PASSED [ 20%]
tests/services/test_get_raw_tx.py::TestGetRawTx::test_get_raw_tx_network_failure_500 PASSED [ 20%]
tests/services/test_get_raw_tx.py::TestGetRawTx::test_get_raw_tx_network_timeout PASSED [ 20%]
tests/services/test_get_raw_tx.py::TestGetRawTx::test_get_raw_tx_rate_limiting_429 PASSED [ 20%]
tests/services/test_get_raw_tx.py::TestGetRawTx::test_get_raw_tx_transaction_not_found_404 PASSED [ 20%]
tests/services/test_get_raw_tx.py::TestGetRawTx::test_get_raw_tx_malformed_response PASSED [ 20%]
tests/services/test_get_raw_tx.py::TestGetRawTx::test_get_raw_tx_connection_error PASSED [ 20%]
tests/services/test_get_raw_tx.py::TestGetRawTx::test_get_raw_tx_provider_fallback PASSED [ 20%]
tests/services/test_get_raw_tx.py::TestGetRawTx::test_get_raw_tx_success_response PASSED [ 21%]
tests/services/test_get_raw_tx.py::TestGetRawTx::test_get_raw_tx_different_chains PASSED [ 21%]
tests/services/test_get_raw_tx.py::TestGetRawTx::test_get_raw_tx_unicode_txid_handling PASSED [ 21%]
tests/services/test_get_raw_tx.py::TestGetRawTx::test_get_raw_tx_large_tx_data_handling PASSED [ 21%]
tests/services/test_get_raw_tx.py::TestGetRawTx::test_get_raw_tx_empty_response_handling PASSED [ 21%]
tests/services/test_get_raw_tx.py::TestGetRawTx::test_get_raw_tx_multiple_providers_fallback PASSED [ 21%]
tests/services/test_get_script_history_min.py::test_get_script_history_minimal_normal PASSED [ 21%]
tests/services/test_get_script_history_min.py::test_get_script_history_minimal_empty PASSED [ 21%]
tests/services/test_get_script_history_min.py::test_get_script_history_invalid_script_formats PASSED [ 21%]
tests/services/test_get_script_history_min.py::test_get_script_history_empty_script PASSED [ 21%]
tests/services/test_get_script_history_min.py::test_get_script_history_different_chains PASSED [ 21%]
tests/services/test_get_script_history_min.py::test_get_script_history_various_script_patterns PASSED [ 21%]
tests/services/test_get_script_history_min.py::test_get_script_history_case_insensitive_script PASSED [ 21%]
tests/services/test_get_script_history_min.py::test_get_script_history_unicode_script_handling PASSED [ 21%]
tests/services/test_get_script_history_min.py::test_get_script_history_consecutive_calls PASSED [ 21%]
tests/services/test_get_script_history_min.py::test_get_script_history_script_length_boundaries PASSED [ 21%]
tests/services/test_get_script_history_min.py::test_get_script_history_special_characters PASSED [ 21%]
[...]
tests/wallet/test_sign_process_action.py::TestWalletProcessAction::test_process_action_invalid_params_missing_raw_tx_key_raises_error PASSED [ 95%]
tests/wallet/test_sign_process_action.py::TestWalletProcessAction::test_process_action_invalid_params_is_new_tx_false_missing_txid_allowed PASSED [ 95%]
tests/wallet/test_sign_process_action.py::TestWalletProcessAction::test_process_action_invalid_params_invalid_base64_reference_raises_error PASSED [ 95%]
tests/wallet/test_sign_process_action.py::TestWalletProcessAction::test_process_action_invalid_params_empty_raw_tx_raises_error PASSED [ 95%]
tests/wallet/test_sync.py::TestWalletSyncToWriter::test_sync_initial_then_no_changes_then_one_change PASSED [ 95%]
tests/wallet/test_sync.py::TestWalletSetActive::test_set_active_to_backup_and_back_without_backup_first PASSED [ 95%]
tests/wallet/test_sync.py::TestWalletSetActive::test_set_active_to_backup_and_back_with_backup_first PASSED [ 95%]
tests/wallet/test_sync.py::TestWalletSetActive::test_sync_to_writer_invalid_params_empty_writer_raises_error PASSED [ 95%]
tests/wallet/test_sync.py::TestWalletSetActive::test_sync_to_writer_invalid_params_none_writer_raises_error PASSED [ 95%]
tests/wallet/test_sync.py::TestWalletSetActive::test_sync_to_writer_invalid_params_wrong_writer_type_raises_error PASSED [ 95%]
tests/wallet/test_sync.py::TestWalletSetActive::test_sync_to_writer_invalid_params_none_options_raises_error PASSED [ 95%]
tests/wallet/test_sync.py::TestWalletSetActive::test_sync_to_writer_invalid_params_wrong_options_type_raises_error PASSED [ 95%]
tests/wallet/test_sync.py::TestWalletSetActive::test_sync_to_writer_invalid_params_missing_writer_key_raises_error PASSED [ 95%]
tests/wallet/test_sync.py::TestWalletSetActive::test_sync_to_writer_invalid_params_missing_options_key_raises_error PASSED [ 95%]
tests/wallet/test_sync.py::TestWalletSetActive::test_sync_to_writer_invalid_params_empty_args_raises_error PASSED [ 95%]
tests/wallet/test_sync.py::TestWalletSetActive::test_sync_to_writer_invalid_params_zero_batch_size_raises_error PASSED [ 95%]
tests/wallet/test_sync.py::TestWalletSetActive::test_sync_to_writer_invalid_params_negative_batch_size_raises_error PASSED [ 95%]
tests/wallet/test_sync.py::TestWalletSetActive::test_sync_to_writer_invalid_params_wrong_batch_size_type_raises_error PASSED [ 95%]
tests/wallet/test_sync.py::TestWalletSetActive::test_sync_to_writer_valid_params_extra_options_ignored PASSED [ 95%]
tests/wallet/test_sync.py::TestWalletSetActive::test_set_active_invalid_params_empty_storage_raises_error PASSED [ 95%]
tests/wallet/test_sync.py::TestWalletSetActive::test_set_active_invalid_params_none_storage_raises_error PASSED [ 95%]
tests/wallet/test_sync.py::TestWalletSetActive::test_set_active_invalid_params_wrong_storage_type_raises_error PASSED [ 95%]
tests/wallet/test_sync.py::TestWalletSetActive::test_set_active_invalid_params_none_backup_first_raises_error PASSED [ 95%]
tests/wallet/test_sync.py::TestWalletSetActive::test_set_active_invalid_params_wrong_backup_first_type_raises_error PASSED [ 95%]
tests/wallet/test_sync.py::TestWalletSetActive::test_set_active_invalid_params_missing_storage_key_raises_error PASSED [ 95%]
tests/wallet/test_sync.py::TestWalletSetActive::test_set_active_invalid_params_missing_backup_first_key_raises_error PASSED [ 95%]
tests/wallet/test_sync.py::TestWalletSetActive::test_set_active_invalid_params_empty_args_raises_error PASSED [ 95%]
tests/wallet/test_sync.py::TestWalletSetActive::test_set_active_valid_params_backup_first_true PASSED [ 96%]
tests/wallet/test_sync.py::TestWalletSetActive::test_set_active_valid_params_backup_first_false PASSED [ 96%]
tests/wallet/test_sync.py::TestWalletSetActive::test_set_active_valid_params_extra_parameters_ignored PASSED [ 96%]
tests/wallet/test_wallet_coverage.py::TestWalletInitializationEdgeCases::test_wallet_without_storage PASSED [ 96%]
tests/wallet/test_wallet_coverage.py::TestWalletInitializationEdgeCases::test_wallet_with_custom_chain PASSED [ 96%]
tests/wallet/test_wallet_coverage.py::TestWalletKeyManagement::test_derive_key_path PASSED [ 96%]
tests/wallet/test_wallet_coverage.py::TestWalletKeyManagement::test_get_public_key PASSED [ 96%]
tests/wallet/test_wallet_coverage.py::TestWalletTransactionMethods::test_create_transaction_minimal PASSED [ 96%]
tests/wallet/test_wallet_coverage.py::TestWalletTransactionMethods::test_sign_transaction PASSED [ 96%]
tests/wallet/test_wallet_coverage.py::TestWalletTransactionMethods::test_get_balance PASSED [ 96%]
tests/wallet/test_wallet_coverage.py::TestWalletActionMethods::test_create_action PASSED [ 96%]
tests/wallet/test_wallet_coverage.py::TestWalletActionMethods::test_list_actions PASSED [ 96%]
tests/wallet/test_wallet_coverage.py::TestWalletActionMethods::test_get_action_status PASSED [ 96%]
tests/wallet/test_wallet_coverage.py::TestWalletActionMethods::test_create_action_with_outputs PASSED [ 96%]
tests/wallet/test_wallet_coverage.py::TestWalletActionMethods::test_create_action_with_options PASSED [ 96%]
tests/wallet/test_wallet_coverage.py::TestWalletActionMethods::test_list_actions_with_status PASSED [ 96%]
tests/wallet/test_wallet_coverage.py::TestWalletActionMethods::test_sign_and_process_action PASSED [ 96%]
tests/wallet/test_wallet_coverage.py::TestWalletActionMethods::test_internalize_action PASSED [ 96%]
tests/wallet/test_wallet_coverage.py::TestWalletCertificateMethods::test_acquire_certificate PASSED [ 96%]
tests/wallet/test_wallet_coverage.py::TestWalletCertificateMethods::test_list_certificates PASSED [ 96%]
tests/wallet/test_wallet_coverage.py::TestWalletCertificateMethods::test_prove_certificate PASSED [ 96%]
tests/wallet/test_wallet_coverage.py::TestWalletCertificateMethods::test_acquire_certificate_with_fields PASSED [ 96%]
tests/wallet/test_wallet_coverage.py::TestWalletCertificateMethods::test_list_certificates_with_filter PASSED [ 96%]
tests/wallet/test_wallet_coverage.py::TestWalletCertificateMethods::test_prove_certificate_with_fields PASSED [ 96%]
tests/wallet/test_wallet_coverage.py::TestWalletErrorHandling::test_wallet_invalid_storage PASSED [ 96%]
tests/wallet/test_wallet_coverage.py::TestWalletErrorHandling::test_wallet_operation_without_initialization PASSED [ 96%]
tests/wallet/test_wallet_coverage.py::TestWalletNetworkMethods::test_get_network PASSED [ 96%]
tests/wallet/test_wallet_coverage.py::TestWalletNetworkMethods::test_get_version PASSED [ 96%]
tests/wallet/test_wallet_coverage.py::TestWalletNetworkMethods::test_get_height PASSED [ 96%]
tests/wallet/test_wallet_coverage.py::TestWalletNetworkMethods::test_get_header_for_height PASSED [ 97%]
tests/wallet/test_wallet_coverage.py::TestWalletNetworkMethods::test_get_chain PASSED [ 97%]
tests/wallet/test_wallet_coverage.py::TestWalletUtxoMethods::test_get_utxo_status PASSED [ 97%]
tests/wallet/test_wallet_coverage.py::TestWalletUtxoMethods::test_get_script_history PASSED [ 97%]
tests/wallet/test_wallet_coverage.py::TestWalletUtxoMethods::test_relinquish_output PASSED [ 97%]
tests/wallet/test_wallet_coverage.py::TestWalletUtxoMethods::test_list_outputs PASSED [ 97%]
tests/wallet/test_wallet_coverage.py::TestWalletUtxoMethods::test_list_outputs_with_basket PASSED [ 97%]
tests/wallet/test_wallet_coverage.py::TestWalletUtxoMethods::test_get_utxo_status_with_valid_outpoint PASSED [ 97%]
tests/wallet/test_wallet_coverage.py::TestWalletUtxoMethods::test_get_script_history_with_valid_hash PASSED [ 97%]
tests/wallet/test_wallet_coverage.py::TestWalletUtxoMethods::test_relinquish_output_with_valid_params PASSED [ 97%]
tests/wallet/test_wallet_coverage.py::TestWalletTransactionStatusMethods::test_get_transaction_status PASSED [ 97%]
tests/wallet/test_wallet_coverage.py::TestWalletTransactionStatusMethods::test_get_raw_tx PASSED [ 97%]
tests/wallet/test_wallet_coverage.py::TestWalletTransactionStatusMethods::test_get_merkle_path_for_transaction PASSED [ 97%]
tests/wallet/test_wallet_coverage.py::TestWalletTransactionStatusMethods::test_post_beef PASSED [ 97%]
tests/wallet/test_wallet_coverage.py::TestWalletTransactionStatusMethods::test_post_beef_array PASSED [ 97%]
tests/wallet/test_wallet_coverage.py::TestWalletAuthenticationMethods::test_is_authenticated PASSED [ 97%]
tests/wallet/test_wallet_coverage.py::TestWalletAuthenticationMethods::test_wait_for_authentication PASSED [ 97%]
tests/wallet/test_wallet_coverage.py::TestWalletAuthenticationMethods::test_get_identity_key PASSED [ 97%]
tests/wallet/test_wallet_coverage.py::TestWalletExchangeRateMethods::test_update_bsv_exchange_rate PASSED [ 97%]
tests/wallet/test_wallet_coverage.py::TestWalletExchangeRateMethods::test_get_fiat_exchange_rate PASSED [ 97%]
tests/wallet/test_wallet_coverage.py::TestWalletCertificateAdvanced::test_acquire_certificate_with_fields PASSED [ 97%]
tests/wallet/test_wallet_coverage.py::TestWalletCertificateAdvanced::test_relinquish_certificate PASSED [ 97%]
tests/wallet/test_wallet_coverage.py::TestWalletBlockchainMethods::test_find_chain_tip_header PASSED [ 97%]
tests/wallet/test_wallet_coverage.py::TestWalletBlockchainMethods::test_find_chain_tip_hash PASSED [ 97%]
tests/wallet/test_wallet_coverage.py::TestWalletBlockchainMethods::test_find_header_for_block_hash PASSED [ 97%]
tests/wallet/test_wallet_coverage.py::TestWalletBlockchainMethods::test_find_header_for_height PASSED [ 97%]
tests/wallet/test_wallet_coverage.py::TestWalletBlockchainMethods::test_is_valid_root_for_height PASSED [ 97%]
tests/wallet/test_wallet_coverage.py::TestWalletBlockchainMethods::test_get_present_height PASSED [ 97%]
tests/wallet/test_wallet_coverage.py::TestWalletKeyLinkageMethods::test_reveal_counterparty_key_linkage PASSED [ 97%]
tests/wallet/test_wallet_coverage.py::TestWalletKeyLinkageMethods::test_reveal_specific_key_linkage PASSED [ 97%]
tests/wallet/test_wallet_coverage.py::TestWalletInternalMethods::test_get_client_change_key_pair PASSED [ 98%]
tests/wallet/test_wallet_coverage.py::TestWalletInternalMethods::test_storage_party PASSED [ 98%]
tests/wallet/test_wallet_coverage.py::TestWalletInternalMethods::test_get_known_txids PASSED [ 98%]
tests/wallet/test_wallet_coverage.py::TestWalletInternalMethods::test_destroy PASSED [ 98%]
tests/wallet/test_wallet_create_action.py::TestWalletCreateAction::test_invalid_params_empty_description PASSED [ 98%]
tests/wallet/test_wallet_create_action.py::TestWalletCreateAction::test_invalid_params_locking_script_not_hex PASSED [ 98%]
tests/wallet/test_wallet_create_action.py::TestWalletCreateAction::test_invalid_params_locking_script_odd_length PASSED [ 98%]
tests/wallet/test_wallet_create_action.py::TestWalletCreateAction::test_repeatable_txid PASSED [ 98%]
tests/wallet/test_wallet_create_action.py::TestWalletCreateAction::test_signable_transaction PASSED [ 98%]
tests/wallet/test_wallet_create_action.py::TestWalletCreateAction::test_create_action_defaults_options_and_returns_signable PASSED [ 98%]
tests/wallet/test_wallet_create_action.py::TestWalletCreateAction::test_create_action_sign_and_process_flow PASSED [ 98%]
tests/wallet/test_wallet_create_action.py::TestWalletCreateAction::test_invalid_params_negative_satoshis PASSED [ 98%]
tests/wallet/test_wallet_create_action.py::TestWalletCreateAction::test_invalid_params_zero_satoshis PASSED [ 98%]
tests/wallet/test_wallet_create_action.py::TestWalletCreateAction::test_invalid_params_empty_outputs PASSED [ 98%]
tests/wallet/test_wallet_create_action.py::TestWalletCreateAction::test_invalid_params_none_outputs PASSED [ 98%]
tests/wallet/test_wallet_create_action.py::TestWalletCreateAction::test_invalid_params_missing_satoshis PASSED [ 98%]
tests/wallet/test_wallet_create_action.py::TestWalletCreateAction::test_invalid_params_missing_locking_script PASSED [ 98%]
tests/wallet/test_wallet_create_action.py::TestWalletCreateAction::test_invalid_params_invalid_hex_locking_script PASSED [ 98%]
tests/wallet/test_wallet_create_action.py::TestWalletCreateAction::test_invalid_params_extremely_large_satoshis PASSED [ 98%]
tests/wallet/test_wallet_create_action.py::TestWalletCreateAction::test_valid_params_minimal_satoshis PASSED [ 98%]
tests/wallet/test_wallet_create_action.py::TestWalletCreateAction::test_valid_params_multiple_outputs PASSED [ 98%]
tests/wallet/test_wallet_create_action.py::TestWalletCreateAction::test_valid_params_with_options PASSED [ 98%]
tests/wallet/test_wallet_create_action.py::TestWalletCreateAction::test_invalid_params_empty_description_edge_cases PASSED [ 98%]
tests/wallet/test_wallet_create_action.py::TestWalletCreateAction::test_invalid_params_locking_script_edge_cases PASSED [ 98%]
tests/wallet/test_wallet_create_action.py::TestWalletCreateAction::test_valid_params_unicode_description PASSED [ 98%]
tests/wallet/test_wallet_create_action.py::TestWalletCreateAction::test_invalid_params_none_description_raises_error PASSED [ 98%]
tests/wallet/test_wallet_create_action.py::TestWalletCreateAction::test_invalid_params_invalid_output_format PASSED [ 98%]
tests/wallet/test_wallet_expanded_coverage.py::TestWalletBlockchainMethods::test_get_present_height PASSED [ 98%]
tests/wallet/test_wallet_expanded_coverage.py::TestWalletBlockchainMethods::test_get_chain PASSED [ 98%]
tests/wallet/test_wallet_expanded_coverage.py::TestWalletBlockchainMethods::test_find_chain_tip_header PASSED [ 98%]
tests/wallet/test_wallet_expanded_coverage.py::TestWalletBlockchainMethods::test_find_chain_tip_hash PASSED [ 99%]
tests/wallet/test_wallet_expanded_coverage.py::TestWalletBlockchainMethods::test_find_header_for_block_hash PASSED [ 99%]
tests/wallet/test_wallet_expanded_coverage.py::TestWalletBlockchainMethods::test_find_header_for_height PASSED [ 99%]
tests/wallet/test_wallet_expanded_coverage.py::TestWalletTransactionStatusMethods::test_get_tx_propagation PASSED [ 99%]
tests/wallet/test_wallet_expanded_coverage.py::TestWalletTransactionStatusMethods::test_get_utxo_status PASSED [ 99%]
tests/wallet/test_wallet_expanded_coverage.py::TestWalletTransactionStatusMethods::test_get_script_history PASSED [ 99%]
tests/wallet/test_wallet_expanded_coverage.py::TestWalletTransactionStatusMethods::test_get_transaction_status PASSED [ 99%]
tests/wallet/test_wallet_expanded_coverage.py::TestWalletTransactionStatusMethods::test_get_raw_tx PASSED [ 99%]
tests/wallet/test_wallet_expanded_coverage.py::TestWalletExchangeRateMethods::test_update_bsv_exchange_rate PASSED [ 99%]
tests/wallet/test_wallet_expanded_coverage.py::TestWalletExchangeRateMethods::test_get_fiat_exchange_rate PASSED [ 99%]
tests/wallet/test_wallet_expanded_coverage.py::TestWalletExchangeRateMethods::test_get_fiat_exchange_rate_default_base PASSED [ 99%]
tests/wallet/test_wallet_expanded_coverage.py::TestWalletMerklePathMethods::test_get_merkle_path_for_transaction PASSED [ 99%]
tests/wallet/test_wallet_expanded_coverage.py::TestWalletMerklePathMethods::test_is_valid_root_for_height PASSED [ 99%]
tests/wallet/test_wallet_expanded_coverage.py::TestWalletBeefMethods::test_post_beef PASSED [ 99%]
tests/wallet/test_wallet_expanded_coverage.py::TestWalletBeefMethods::test_post_beef_array PASSED [ 99%]
tests/wallet/test_wallet_expanded_coverage.py::TestWalletKeyMethods::test_get_client_change_key_pair PASSED [ 99%]
tests/wallet/test_wallet_expanded_coverage.py::TestWalletKeyMethods::test_get_identity_key PASSED [ 99%]
tests/wallet/test_wallet_expanded_coverage.py::TestWalletBeefVerificationMethods::test_verify_returned_txid_only PASSED [ 99%]
tests/wallet/test_wallet_expanded_coverage.py::TestWalletBeefVerificationMethods::test_verify_returned_txid_only_atomic_beef PASSED [ 99%]
tests/wallet/test_wallet_expanded_coverage.py::TestWalletKnownTxidsMethods::test_get_known_txids_empty PASSED [ 99%]
tests/wallet/test_wallet_expanded_coverage.py::TestWalletKnownTxidsMethods::test_get_known_txids_with_new_txids PASSED [ 99%]
tests/wallet/test_wallet_expanded_coverage.py::TestWalletDestructionMethods::test_destroy_wallet PASSED [ 99%]
tests/wallet/test_wallet_expanded_coverage.py::TestWalletAuthenticationMethods::test_is_authenticated PASSED [ 99%]
tests/wallet/test_wallet_expanded_coverage.py::TestWalletAuthenticationMethods::test_wait_for_authentication PASSED [ 99%]
tests/wallet/test_wallet_expanded_coverage.py::TestWalletNetworkMethods::test_get_network PASSED [ 99%]
tests/wallet/test_wallet_expanded_coverage.py::TestWalletNetworkMethods::test_get_version PASSED [ 99%]
tests/wallet/test_wallet_expanded_coverage.py::TestWalletNetworkMethods::test_get_height PASSED [ 99%]
tests/wallet/test_wallet_expanded_coverage.py::TestWalletStoragePartyMethods::test_storage_party PASSED [ 99%]
tests/wallet/test_wallet_expanded_coverage.py::TestWalletHeaderMethods::test_get_header PASSED [ 99%]
tests/wallet/test_wallet_expanded_coverage.py::TestWalletHeaderMethods::test_get_header_for_height PASSED [100%]

=============================== warnings summary ===============================
tests/permissions/test_wallet_permissions_manager_flows.py::TestWalletPermissionsManagerFlows::test_should_create_a_token_if_ephemeral_false_so_subsequent_calls_do_not_re_trigger_if_unexpired
  /home/sneakyfox/TOOLBOX/py-wallet-toolbox/tests/permissions/test_wallet_permissions_manager_flows.py:423: RuntimeWarning: coroutine 'WalletPermissionsManager.ensure_protocol_permission' was never awaited
    manager.ensure_protocol_permission(
  Enable tracemalloc to get traceback where the object was allocated.
  See https://docs.pytest.org/en/stable/how-to/capture-warnings.html#resource-warnings for more info.

tests/services/test_exchange_rates.py::TestExchangeRates::test_update_exchange_rates_empty_currency_list
tests/services/test_exchange_rates.py::TestExchangeRates::test_update_exchange_rates_case_sensitivity
tests/services/test_exchange_rates.py::TestExchangeRates::test_update_exchange_rates_invalid_api_key
tests/services/test_exchange_rates.py::TestExchangeRates::test_update_exchange_rates_malformed_response_handling
tests/services/test_exchange_rates.py::TestExchangeRates::test_update_exchange_rates_timeout_handling
tests/services/test_exchange_rates.py::TestExchangeRates::test_update_exchange_rates_rate_limiting_handling
tests/services/test_exchange_rates.py::TestExchangeRates::test_update_exchange_rates_connection_error_handling
tests/services/test_exchange_rates.py::TestExchangeRates::test_update_exchange_rates_duplicate_currencies
tests/services/test_exchange_rates.py::TestExchangeRates::test_update_exchange_rates_too_many_currencies
  /home/sneakyfox/.local/lib/python3.12/site-packages/_pytest/python.py:159: RuntimeWarning: coroutine 'update_exchangeratesapi' was never awaited
    result = testfunction(**testargs)
  Enable tracemalloc to get traceback where the object was allocated.
  See https://docs.pytest.org/en/stable/how-to/capture-warnings.html#resource-warnings for more info.

tests/services/test_exchange_rates.py::TestExchangeRates::test_update_exchange_rates_invalid_api_key
  /home/sneakyfox/TOOLBOX/py-wallet-toolbox/tests/services/test_exchange_rates.py:409: RuntimeWarning: coroutine 'update_exchangeratesapi' was never awaited
    result = update_exchangeratesapi(valid_currencies, invalid_options)
  Enable tracemalloc to get traceback where the object was allocated.
  See https://docs.pytest.org/en/stable/how-to/capture-warnings.html#resource-warnings for more info.

tests/services/test_post_beef.py: 15 warnings
tests/services/test_post_beef_array_min.py: 36 warnings
  /home/sneakyfox/TOOLBOX/py-wallet-toolbox/src/bsv_wallet_toolbox/services/providers/bitails.py:255: DeprecationWarning: datetime.datetime.utcnow() is deprecated and scheduled for removal in a future version. Use timezone-aware objects to represent datetimes in UTC: datetime.datetime.now(datetime.UTC).
    now = datetime.utcnow().isoformat()

-- Docs: https://docs.pytest.org/en/stable/how-to/capture-warnings.html
= 2859 passed, 107 skipped, 5 xfailed, 1 xpassed, 62 warnings in 74.19s (0:01:14) =
